ARM GAS  /tmp/ccmdLBiJ.s 			page 1


   1              		.cpu cortex-m4
   2              		.arch armv7e-m
   3              		.fpu fpv4-sp-d16
   4              		.eabi_attribute 27, 1
   5              		.eabi_attribute 28, 1
   6              		.eabi_attribute 20, 1
   7              		.eabi_attribute 21, 1
   8              		.eabi_attribute 23, 3
   9              		.eabi_attribute 24, 1
  10              		.eabi_attribute 25, 1
  11              		.eabi_attribute 26, 1
  12              		.eabi_attribute 30, 1
  13              		.eabi_attribute 34, 1
  14              		.eabi_attribute 18, 4
  15              		.file	"stm32f4xx_hal_exti.c"
  16              		.text
  17              	.Ltext0:
  18              		.cfi_sections	.debug_frame
  19              		.section	.text.HAL_EXTI_SetConfigLine,"ax",%progbits
  20              		.align	1
  21              		.global	HAL_EXTI_SetConfigLine
  22              		.syntax unified
  23              		.thumb
  24              		.thumb_func
  26              	HAL_EXTI_SetConfigLine:
  27              	.LVL0:
  28              	.LFB130:
  29              		.file 1 "Drivers/STM32F4xx_HAL_Driver/Src/stm32f4xx_hal_exti.c"
   1:Drivers/STM32F4xx_HAL_Driver/Src/stm32f4xx_hal_exti.c **** /**
   2:Drivers/STM32F4xx_HAL_Driver/Src/stm32f4xx_hal_exti.c ****   ******************************************************************************
   3:Drivers/STM32F4xx_HAL_Driver/Src/stm32f4xx_hal_exti.c ****   * @file    stm32f4xx_hal_exti.c
   4:Drivers/STM32F4xx_HAL_Driver/Src/stm32f4xx_hal_exti.c ****   * @author  MCD Application Team
   5:Drivers/STM32F4xx_HAL_Driver/Src/stm32f4xx_hal_exti.c ****   * @brief   EXTI HAL module driver.
   6:Drivers/STM32F4xx_HAL_Driver/Src/stm32f4xx_hal_exti.c ****   *          This file provides firmware functions to manage the following
   7:Drivers/STM32F4xx_HAL_Driver/Src/stm32f4xx_hal_exti.c ****   *          functionalities of the Extended Interrupts and events controller (EXTI) peripheral:
   8:Drivers/STM32F4xx_HAL_Driver/Src/stm32f4xx_hal_exti.c ****   *           + Initialization and de-initialization functions
   9:Drivers/STM32F4xx_HAL_Driver/Src/stm32f4xx_hal_exti.c ****   *           + IO operation functions
  10:Drivers/STM32F4xx_HAL_Driver/Src/stm32f4xx_hal_exti.c ****   *
  11:Drivers/STM32F4xx_HAL_Driver/Src/stm32f4xx_hal_exti.c ****   @verbatim
  12:Drivers/STM32F4xx_HAL_Driver/Src/stm32f4xx_hal_exti.c ****   ==============================================================================
  13:Drivers/STM32F4xx_HAL_Driver/Src/stm32f4xx_hal_exti.c ****                     ##### EXTI Peripheral features #####
  14:Drivers/STM32F4xx_HAL_Driver/Src/stm32f4xx_hal_exti.c ****   ==============================================================================
  15:Drivers/STM32F4xx_HAL_Driver/Src/stm32f4xx_hal_exti.c ****   [..]
  16:Drivers/STM32F4xx_HAL_Driver/Src/stm32f4xx_hal_exti.c ****     (+) Each Exti line can be configured within this driver.
  17:Drivers/STM32F4xx_HAL_Driver/Src/stm32f4xx_hal_exti.c **** 
  18:Drivers/STM32F4xx_HAL_Driver/Src/stm32f4xx_hal_exti.c ****     (+) Exti line can be configured in 3 different modes
  19:Drivers/STM32F4xx_HAL_Driver/Src/stm32f4xx_hal_exti.c ****         (++) Interrupt
  20:Drivers/STM32F4xx_HAL_Driver/Src/stm32f4xx_hal_exti.c ****         (++) Event
  21:Drivers/STM32F4xx_HAL_Driver/Src/stm32f4xx_hal_exti.c ****         (++) Both of them
  22:Drivers/STM32F4xx_HAL_Driver/Src/stm32f4xx_hal_exti.c **** 
  23:Drivers/STM32F4xx_HAL_Driver/Src/stm32f4xx_hal_exti.c ****     (+) Configurable Exti lines can be configured with 3 different triggers
  24:Drivers/STM32F4xx_HAL_Driver/Src/stm32f4xx_hal_exti.c ****         (++) Rising
  25:Drivers/STM32F4xx_HAL_Driver/Src/stm32f4xx_hal_exti.c ****         (++) Falling
  26:Drivers/STM32F4xx_HAL_Driver/Src/stm32f4xx_hal_exti.c ****         (++) Both of them
  27:Drivers/STM32F4xx_HAL_Driver/Src/stm32f4xx_hal_exti.c **** 
  28:Drivers/STM32F4xx_HAL_Driver/Src/stm32f4xx_hal_exti.c ****     (+) When set in interrupt mode, configurable Exti lines have two different
  29:Drivers/STM32F4xx_HAL_Driver/Src/stm32f4xx_hal_exti.c ****         interrupts pending registers which allow to distinguish which transition
ARM GAS  /tmp/ccmdLBiJ.s 			page 2


  30:Drivers/STM32F4xx_HAL_Driver/Src/stm32f4xx_hal_exti.c ****         occurs:
  31:Drivers/STM32F4xx_HAL_Driver/Src/stm32f4xx_hal_exti.c ****         (++) Rising edge pending interrupt
  32:Drivers/STM32F4xx_HAL_Driver/Src/stm32f4xx_hal_exti.c ****         (++) Falling
  33:Drivers/STM32F4xx_HAL_Driver/Src/stm32f4xx_hal_exti.c **** 
  34:Drivers/STM32F4xx_HAL_Driver/Src/stm32f4xx_hal_exti.c ****     (+) Exti lines 0 to 15 are linked to gpio pin number 0 to 15. Gpio port can
  35:Drivers/STM32F4xx_HAL_Driver/Src/stm32f4xx_hal_exti.c ****         be selected through multiplexer.
  36:Drivers/STM32F4xx_HAL_Driver/Src/stm32f4xx_hal_exti.c **** 
  37:Drivers/STM32F4xx_HAL_Driver/Src/stm32f4xx_hal_exti.c ****                      ##### How to use this driver #####
  38:Drivers/STM32F4xx_HAL_Driver/Src/stm32f4xx_hal_exti.c ****   ==============================================================================
  39:Drivers/STM32F4xx_HAL_Driver/Src/stm32f4xx_hal_exti.c ****   [..]
  40:Drivers/STM32F4xx_HAL_Driver/Src/stm32f4xx_hal_exti.c **** 
  41:Drivers/STM32F4xx_HAL_Driver/Src/stm32f4xx_hal_exti.c ****     (#) Configure the EXTI line using HAL_EXTI_SetConfigLine().
  42:Drivers/STM32F4xx_HAL_Driver/Src/stm32f4xx_hal_exti.c ****         (++) Choose the interrupt line number by setting "Line" member from
  43:Drivers/STM32F4xx_HAL_Driver/Src/stm32f4xx_hal_exti.c ****              EXTI_ConfigTypeDef structure.
  44:Drivers/STM32F4xx_HAL_Driver/Src/stm32f4xx_hal_exti.c ****         (++) Configure the interrupt and/or event mode using "Mode" member from
  45:Drivers/STM32F4xx_HAL_Driver/Src/stm32f4xx_hal_exti.c ****              EXTI_ConfigTypeDef structure.
  46:Drivers/STM32F4xx_HAL_Driver/Src/stm32f4xx_hal_exti.c ****         (++) For configurable lines, configure rising and/or falling trigger
  47:Drivers/STM32F4xx_HAL_Driver/Src/stm32f4xx_hal_exti.c ****              "Trigger" member from EXTI_ConfigTypeDef structure.
  48:Drivers/STM32F4xx_HAL_Driver/Src/stm32f4xx_hal_exti.c ****         (++) For Exti lines linked to gpio, choose gpio port using "GPIOSel"
  49:Drivers/STM32F4xx_HAL_Driver/Src/stm32f4xx_hal_exti.c ****              member from GPIO_InitTypeDef structure.
  50:Drivers/STM32F4xx_HAL_Driver/Src/stm32f4xx_hal_exti.c **** 
  51:Drivers/STM32F4xx_HAL_Driver/Src/stm32f4xx_hal_exti.c ****     (#) Get current Exti configuration of a dedicated line using
  52:Drivers/STM32F4xx_HAL_Driver/Src/stm32f4xx_hal_exti.c ****         HAL_EXTI_GetConfigLine().
  53:Drivers/STM32F4xx_HAL_Driver/Src/stm32f4xx_hal_exti.c ****         (++) Provide exiting handle as parameter.
  54:Drivers/STM32F4xx_HAL_Driver/Src/stm32f4xx_hal_exti.c ****         (++) Provide pointer on EXTI_ConfigTypeDef structure as second parameter.
  55:Drivers/STM32F4xx_HAL_Driver/Src/stm32f4xx_hal_exti.c **** 
  56:Drivers/STM32F4xx_HAL_Driver/Src/stm32f4xx_hal_exti.c ****     (#) Clear Exti configuration of a dedicated line using HAL_EXTI_GetConfigLine().
  57:Drivers/STM32F4xx_HAL_Driver/Src/stm32f4xx_hal_exti.c ****         (++) Provide exiting handle as parameter.
  58:Drivers/STM32F4xx_HAL_Driver/Src/stm32f4xx_hal_exti.c **** 
  59:Drivers/STM32F4xx_HAL_Driver/Src/stm32f4xx_hal_exti.c ****     (#) Register callback to treat Exti interrupts using HAL_EXTI_RegisterCallback().
  60:Drivers/STM32F4xx_HAL_Driver/Src/stm32f4xx_hal_exti.c ****         (++) Provide exiting handle as first parameter.
  61:Drivers/STM32F4xx_HAL_Driver/Src/stm32f4xx_hal_exti.c ****         (++) Provide which callback will be registered using one value from
  62:Drivers/STM32F4xx_HAL_Driver/Src/stm32f4xx_hal_exti.c ****              EXTI_CallbackIDTypeDef.
  63:Drivers/STM32F4xx_HAL_Driver/Src/stm32f4xx_hal_exti.c ****         (++) Provide callback function pointer.
  64:Drivers/STM32F4xx_HAL_Driver/Src/stm32f4xx_hal_exti.c **** 
  65:Drivers/STM32F4xx_HAL_Driver/Src/stm32f4xx_hal_exti.c ****     (#) Get interrupt pending bit using HAL_EXTI_GetPending().
  66:Drivers/STM32F4xx_HAL_Driver/Src/stm32f4xx_hal_exti.c **** 
  67:Drivers/STM32F4xx_HAL_Driver/Src/stm32f4xx_hal_exti.c ****     (#) Clear interrupt pending bit using HAL_EXTI_GetPending().
  68:Drivers/STM32F4xx_HAL_Driver/Src/stm32f4xx_hal_exti.c **** 
  69:Drivers/STM32F4xx_HAL_Driver/Src/stm32f4xx_hal_exti.c ****     (#) Generate software interrupt using HAL_EXTI_GenerateSWI().
  70:Drivers/STM32F4xx_HAL_Driver/Src/stm32f4xx_hal_exti.c **** 
  71:Drivers/STM32F4xx_HAL_Driver/Src/stm32f4xx_hal_exti.c ****   @endverbatim
  72:Drivers/STM32F4xx_HAL_Driver/Src/stm32f4xx_hal_exti.c ****   ******************************************************************************
  73:Drivers/STM32F4xx_HAL_Driver/Src/stm32f4xx_hal_exti.c ****   * @attention
  74:Drivers/STM32F4xx_HAL_Driver/Src/stm32f4xx_hal_exti.c ****   *
  75:Drivers/STM32F4xx_HAL_Driver/Src/stm32f4xx_hal_exti.c ****   * <h2><center>&copy; Copyright (c) 2018 STMicroelectronics.
  76:Drivers/STM32F4xx_HAL_Driver/Src/stm32f4xx_hal_exti.c ****   * All rights reserved.</center></h2>
  77:Drivers/STM32F4xx_HAL_Driver/Src/stm32f4xx_hal_exti.c ****   *
  78:Drivers/STM32F4xx_HAL_Driver/Src/stm32f4xx_hal_exti.c ****   * This software component is licensed by ST under BSD 3-Clause license,
  79:Drivers/STM32F4xx_HAL_Driver/Src/stm32f4xx_hal_exti.c ****   * the "License"; You may not use this file except in compliance with the
  80:Drivers/STM32F4xx_HAL_Driver/Src/stm32f4xx_hal_exti.c ****   * License. You may obtain a copy of the License at:
  81:Drivers/STM32F4xx_HAL_Driver/Src/stm32f4xx_hal_exti.c ****   *                        opensource.org/licenses/BSD-3-Clause
  82:Drivers/STM32F4xx_HAL_Driver/Src/stm32f4xx_hal_exti.c ****   *
  83:Drivers/STM32F4xx_HAL_Driver/Src/stm32f4xx_hal_exti.c ****   ******************************************************************************
  84:Drivers/STM32F4xx_HAL_Driver/Src/stm32f4xx_hal_exti.c ****   */
  85:Drivers/STM32F4xx_HAL_Driver/Src/stm32f4xx_hal_exti.c **** 
  86:Drivers/STM32F4xx_HAL_Driver/Src/stm32f4xx_hal_exti.c **** /* Includes ------------------------------------------------------------------*/
ARM GAS  /tmp/ccmdLBiJ.s 			page 3


  87:Drivers/STM32F4xx_HAL_Driver/Src/stm32f4xx_hal_exti.c **** #include "stm32f4xx_hal.h"
  88:Drivers/STM32F4xx_HAL_Driver/Src/stm32f4xx_hal_exti.c **** 
  89:Drivers/STM32F4xx_HAL_Driver/Src/stm32f4xx_hal_exti.c **** /** @addtogroup STM32F4xx_HAL_Driver
  90:Drivers/STM32F4xx_HAL_Driver/Src/stm32f4xx_hal_exti.c ****   * @{
  91:Drivers/STM32F4xx_HAL_Driver/Src/stm32f4xx_hal_exti.c ****   */
  92:Drivers/STM32F4xx_HAL_Driver/Src/stm32f4xx_hal_exti.c **** 
  93:Drivers/STM32F4xx_HAL_Driver/Src/stm32f4xx_hal_exti.c **** /** @addtogroup EXTI
  94:Drivers/STM32F4xx_HAL_Driver/Src/stm32f4xx_hal_exti.c ****   * @{
  95:Drivers/STM32F4xx_HAL_Driver/Src/stm32f4xx_hal_exti.c ****   */
  96:Drivers/STM32F4xx_HAL_Driver/Src/stm32f4xx_hal_exti.c **** /** MISRA C:2012 deviation rule has been granted for following rule:
  97:Drivers/STM32F4xx_HAL_Driver/Src/stm32f4xx_hal_exti.c ****   * Rule-18.1_b - Medium: Array `EXTICR' 1st subscript interval [0,7] may be out
  98:Drivers/STM32F4xx_HAL_Driver/Src/stm32f4xx_hal_exti.c ****   * of bounds [0,3] in following API :
  99:Drivers/STM32F4xx_HAL_Driver/Src/stm32f4xx_hal_exti.c ****   * HAL_EXTI_SetConfigLine
 100:Drivers/STM32F4xx_HAL_Driver/Src/stm32f4xx_hal_exti.c ****   * HAL_EXTI_GetConfigLine
 101:Drivers/STM32F4xx_HAL_Driver/Src/stm32f4xx_hal_exti.c ****   * HAL_EXTI_ClearConfigLine
 102:Drivers/STM32F4xx_HAL_Driver/Src/stm32f4xx_hal_exti.c ****   */
 103:Drivers/STM32F4xx_HAL_Driver/Src/stm32f4xx_hal_exti.c **** 
 104:Drivers/STM32F4xx_HAL_Driver/Src/stm32f4xx_hal_exti.c **** #ifdef HAL_EXTI_MODULE_ENABLED
 105:Drivers/STM32F4xx_HAL_Driver/Src/stm32f4xx_hal_exti.c **** 
 106:Drivers/STM32F4xx_HAL_Driver/Src/stm32f4xx_hal_exti.c **** /* Private typedef -----------------------------------------------------------*/
 107:Drivers/STM32F4xx_HAL_Driver/Src/stm32f4xx_hal_exti.c **** /* Private defines -----------------------------------------------------------*/
 108:Drivers/STM32F4xx_HAL_Driver/Src/stm32f4xx_hal_exti.c **** /** @defgroup EXTI_Private_Constants EXTI Private Constants
 109:Drivers/STM32F4xx_HAL_Driver/Src/stm32f4xx_hal_exti.c ****   * @{
 110:Drivers/STM32F4xx_HAL_Driver/Src/stm32f4xx_hal_exti.c ****   */
 111:Drivers/STM32F4xx_HAL_Driver/Src/stm32f4xx_hal_exti.c **** 
 112:Drivers/STM32F4xx_HAL_Driver/Src/stm32f4xx_hal_exti.c **** /**
 113:Drivers/STM32F4xx_HAL_Driver/Src/stm32f4xx_hal_exti.c ****   * @}
 114:Drivers/STM32F4xx_HAL_Driver/Src/stm32f4xx_hal_exti.c ****   */
 115:Drivers/STM32F4xx_HAL_Driver/Src/stm32f4xx_hal_exti.c **** 
 116:Drivers/STM32F4xx_HAL_Driver/Src/stm32f4xx_hal_exti.c **** /* Private macros ------------------------------------------------------------*/
 117:Drivers/STM32F4xx_HAL_Driver/Src/stm32f4xx_hal_exti.c **** /* Private variables ---------------------------------------------------------*/
 118:Drivers/STM32F4xx_HAL_Driver/Src/stm32f4xx_hal_exti.c **** /* Private function prototypes -----------------------------------------------*/
 119:Drivers/STM32F4xx_HAL_Driver/Src/stm32f4xx_hal_exti.c **** /* Exported functions --------------------------------------------------------*/
 120:Drivers/STM32F4xx_HAL_Driver/Src/stm32f4xx_hal_exti.c **** 
 121:Drivers/STM32F4xx_HAL_Driver/Src/stm32f4xx_hal_exti.c **** /** @addtogroup EXTI_Exported_Functions
 122:Drivers/STM32F4xx_HAL_Driver/Src/stm32f4xx_hal_exti.c ****   * @{
 123:Drivers/STM32F4xx_HAL_Driver/Src/stm32f4xx_hal_exti.c ****   */
 124:Drivers/STM32F4xx_HAL_Driver/Src/stm32f4xx_hal_exti.c **** 
 125:Drivers/STM32F4xx_HAL_Driver/Src/stm32f4xx_hal_exti.c **** /** @addtogroup EXTI_Exported_Functions_Group1
 126:Drivers/STM32F4xx_HAL_Driver/Src/stm32f4xx_hal_exti.c ****   *  @brief    Configuration functions
 127:Drivers/STM32F4xx_HAL_Driver/Src/stm32f4xx_hal_exti.c ****   *
 128:Drivers/STM32F4xx_HAL_Driver/Src/stm32f4xx_hal_exti.c **** @verbatim
 129:Drivers/STM32F4xx_HAL_Driver/Src/stm32f4xx_hal_exti.c ****  ===============================================================================
 130:Drivers/STM32F4xx_HAL_Driver/Src/stm32f4xx_hal_exti.c ****               ##### Configuration functions #####
 131:Drivers/STM32F4xx_HAL_Driver/Src/stm32f4xx_hal_exti.c ****  ===============================================================================
 132:Drivers/STM32F4xx_HAL_Driver/Src/stm32f4xx_hal_exti.c **** 
 133:Drivers/STM32F4xx_HAL_Driver/Src/stm32f4xx_hal_exti.c **** @endverbatim
 134:Drivers/STM32F4xx_HAL_Driver/Src/stm32f4xx_hal_exti.c ****   * @{
 135:Drivers/STM32F4xx_HAL_Driver/Src/stm32f4xx_hal_exti.c ****   */
 136:Drivers/STM32F4xx_HAL_Driver/Src/stm32f4xx_hal_exti.c **** 
 137:Drivers/STM32F4xx_HAL_Driver/Src/stm32f4xx_hal_exti.c **** /**
 138:Drivers/STM32F4xx_HAL_Driver/Src/stm32f4xx_hal_exti.c ****   * @brief  Set configuration of a dedicated Exti line.
 139:Drivers/STM32F4xx_HAL_Driver/Src/stm32f4xx_hal_exti.c ****   * @param  hexti Exti handle.
 140:Drivers/STM32F4xx_HAL_Driver/Src/stm32f4xx_hal_exti.c ****   * @param  pExtiConfig Pointer on EXTI configuration to be set.
 141:Drivers/STM32F4xx_HAL_Driver/Src/stm32f4xx_hal_exti.c ****   * @retval HAL Status.
 142:Drivers/STM32F4xx_HAL_Driver/Src/stm32f4xx_hal_exti.c ****   */
 143:Drivers/STM32F4xx_HAL_Driver/Src/stm32f4xx_hal_exti.c **** HAL_StatusTypeDef HAL_EXTI_SetConfigLine(EXTI_HandleTypeDef *hexti, EXTI_ConfigTypeDef *pExtiConfig
ARM GAS  /tmp/ccmdLBiJ.s 			page 4


 144:Drivers/STM32F4xx_HAL_Driver/Src/stm32f4xx_hal_exti.c **** {
  30              		.loc 1 144 1 view -0
  31              		.cfi_startproc
  32              		@ args = 0, pretend = 0, frame = 0
  33              		@ frame_needed = 0, uses_anonymous_args = 0
  34              		@ link register save eliminated.
 145:Drivers/STM32F4xx_HAL_Driver/Src/stm32f4xx_hal_exti.c ****   uint32_t regval;
  35              		.loc 1 145 3 view .LVU1
 146:Drivers/STM32F4xx_HAL_Driver/Src/stm32f4xx_hal_exti.c ****   uint32_t linepos;
  36              		.loc 1 146 3 view .LVU2
 147:Drivers/STM32F4xx_HAL_Driver/Src/stm32f4xx_hal_exti.c ****   uint32_t maskline;
  37              		.loc 1 147 3 view .LVU3
 148:Drivers/STM32F4xx_HAL_Driver/Src/stm32f4xx_hal_exti.c **** 
 149:Drivers/STM32F4xx_HAL_Driver/Src/stm32f4xx_hal_exti.c ****   /* Check null pointer */
 150:Drivers/STM32F4xx_HAL_Driver/Src/stm32f4xx_hal_exti.c ****   if ((hexti == NULL) || (pExtiConfig == NULL))
  38              		.loc 1 150 3 view .LVU4
  39              		.loc 1 150 6 is_stmt 0 view .LVU5
  40 0000 0028     		cmp	r0, #0
  41 0002 60D0     		beq	.L11
  42              		.loc 1 150 23 discriminator 1 view .LVU6
  43 0004 0029     		cmp	r1, #0
  44 0006 60D0     		beq	.L12
 144:Drivers/STM32F4xx_HAL_Driver/Src/stm32f4xx_hal_exti.c ****   uint32_t regval;
  45              		.loc 1 144 1 view .LVU7
  46 0008 70B4     		push	{r4, r5, r6}
  47              	.LCFI0:
  48              		.cfi_def_cfa_offset 12
  49              		.cfi_offset 4, -12
  50              		.cfi_offset 5, -8
  51              		.cfi_offset 6, -4
 151:Drivers/STM32F4xx_HAL_Driver/Src/stm32f4xx_hal_exti.c ****   {
 152:Drivers/STM32F4xx_HAL_Driver/Src/stm32f4xx_hal_exti.c ****     return HAL_ERROR;
 153:Drivers/STM32F4xx_HAL_Driver/Src/stm32f4xx_hal_exti.c ****   }
 154:Drivers/STM32F4xx_HAL_Driver/Src/stm32f4xx_hal_exti.c **** 
 155:Drivers/STM32F4xx_HAL_Driver/Src/stm32f4xx_hal_exti.c ****   /* Check parameters */
 156:Drivers/STM32F4xx_HAL_Driver/Src/stm32f4xx_hal_exti.c ****   assert_param(IS_EXTI_LINE(pExtiConfig->Line));
  52              		.loc 1 156 3 is_stmt 1 view .LVU8
 157:Drivers/STM32F4xx_HAL_Driver/Src/stm32f4xx_hal_exti.c ****   assert_param(IS_EXTI_MODE(pExtiConfig->Mode));
  53              		.loc 1 157 3 view .LVU9
 158:Drivers/STM32F4xx_HAL_Driver/Src/stm32f4xx_hal_exti.c **** 
 159:Drivers/STM32F4xx_HAL_Driver/Src/stm32f4xx_hal_exti.c ****   /* Assign line number to handle */
 160:Drivers/STM32F4xx_HAL_Driver/Src/stm32f4xx_hal_exti.c ****   hexti->Line = pExtiConfig->Line;
  54              		.loc 1 160 3 view .LVU10
  55              		.loc 1 160 28 is_stmt 0 view .LVU11
  56 000a 0B68     		ldr	r3, [r1]
  57              		.loc 1 160 15 view .LVU12
  58 000c 0360     		str	r3, [r0]
 161:Drivers/STM32F4xx_HAL_Driver/Src/stm32f4xx_hal_exti.c **** 
 162:Drivers/STM32F4xx_HAL_Driver/Src/stm32f4xx_hal_exti.c ****   /* Compute line mask */
 163:Drivers/STM32F4xx_HAL_Driver/Src/stm32f4xx_hal_exti.c ****   linepos = (pExtiConfig->Line & EXTI_PIN_MASK);
  59              		.loc 1 163 3 is_stmt 1 view .LVU13
  60              		.loc 1 163 11 is_stmt 0 view .LVU14
  61 000e 03F01F02 		and	r2, r3, #31
  62              	.LVL1:
 164:Drivers/STM32F4xx_HAL_Driver/Src/stm32f4xx_hal_exti.c ****   maskline = (1uL << linepos);
  63              		.loc 1 164 3 is_stmt 1 view .LVU15
  64              		.loc 1 164 12 is_stmt 0 view .LVU16
ARM GAS  /tmp/ccmdLBiJ.s 			page 5


  65 0012 0120     		movs	r0, #1
  66              	.LVL2:
  67              		.loc 1 164 12 view .LVU17
  68 0014 9040     		lsls	r0, r0, r2
  69              	.LVL3:
 165:Drivers/STM32F4xx_HAL_Driver/Src/stm32f4xx_hal_exti.c **** 
 166:Drivers/STM32F4xx_HAL_Driver/Src/stm32f4xx_hal_exti.c ****   /* Configure triggers for configurable lines */
 167:Drivers/STM32F4xx_HAL_Driver/Src/stm32f4xx_hal_exti.c ****   if ((pExtiConfig->Line & EXTI_CONFIG) != 0x00u)
  70              		.loc 1 167 3 is_stmt 1 view .LVU18
  71              		.loc 1 167 6 is_stmt 0 view .LVU19
  72 0016 13F0007F 		tst	r3, #33554432
  73 001a 15D0     		beq	.L3
 168:Drivers/STM32F4xx_HAL_Driver/Src/stm32f4xx_hal_exti.c ****   {
 169:Drivers/STM32F4xx_HAL_Driver/Src/stm32f4xx_hal_exti.c ****     assert_param(IS_EXTI_TRIGGER(pExtiConfig->Trigger));
  74              		.loc 1 169 5 is_stmt 1 view .LVU20
 170:Drivers/STM32F4xx_HAL_Driver/Src/stm32f4xx_hal_exti.c **** 
 171:Drivers/STM32F4xx_HAL_Driver/Src/stm32f4xx_hal_exti.c ****     /* Configure rising trigger */
 172:Drivers/STM32F4xx_HAL_Driver/Src/stm32f4xx_hal_exti.c ****     /* Mask or set line */
 173:Drivers/STM32F4xx_HAL_Driver/Src/stm32f4xx_hal_exti.c ****     if ((pExtiConfig->Trigger & EXTI_TRIGGER_RISING) != 0x00u)
  75              		.loc 1 173 5 view .LVU21
  76              		.loc 1 173 8 is_stmt 0 view .LVU22
  77 001c 8C68     		ldr	r4, [r1, #8]
  78 001e 14F0010F 		tst	r4, #1
  79 0022 24D0     		beq	.L4
 174:Drivers/STM32F4xx_HAL_Driver/Src/stm32f4xx_hal_exti.c ****     {
 175:Drivers/STM32F4xx_HAL_Driver/Src/stm32f4xx_hal_exti.c ****       EXTI->RTSR |= maskline;
  80              		.loc 1 175 7 is_stmt 1 view .LVU23
  81              		.loc 1 175 18 is_stmt 0 view .LVU24
  82 0024 2A4D     		ldr	r5, .L18
  83 0026 AC68     		ldr	r4, [r5, #8]
  84 0028 0443     		orrs	r4, r4, r0
  85 002a AC60     		str	r4, [r5, #8]
  86              	.L5:
 176:Drivers/STM32F4xx_HAL_Driver/Src/stm32f4xx_hal_exti.c ****     }
 177:Drivers/STM32F4xx_HAL_Driver/Src/stm32f4xx_hal_exti.c ****     else
 178:Drivers/STM32F4xx_HAL_Driver/Src/stm32f4xx_hal_exti.c ****     {
 179:Drivers/STM32F4xx_HAL_Driver/Src/stm32f4xx_hal_exti.c ****       EXTI->RTSR &= ~maskline;
 180:Drivers/STM32F4xx_HAL_Driver/Src/stm32f4xx_hal_exti.c ****     }
 181:Drivers/STM32F4xx_HAL_Driver/Src/stm32f4xx_hal_exti.c **** 
 182:Drivers/STM32F4xx_HAL_Driver/Src/stm32f4xx_hal_exti.c ****     /* Configure falling trigger */
 183:Drivers/STM32F4xx_HAL_Driver/Src/stm32f4xx_hal_exti.c ****     /* Mask or set line */
 184:Drivers/STM32F4xx_HAL_Driver/Src/stm32f4xx_hal_exti.c ****     if ((pExtiConfig->Trigger & EXTI_TRIGGER_FALLING) != 0x00u)
  87              		.loc 1 184 5 is_stmt 1 view .LVU25
  88              		.loc 1 184 8 is_stmt 0 view .LVU26
  89 002c 8C68     		ldr	r4, [r1, #8]
  90 002e 14F0020F 		tst	r4, #2
  91 0032 22D0     		beq	.L6
 185:Drivers/STM32F4xx_HAL_Driver/Src/stm32f4xx_hal_exti.c ****     {
 186:Drivers/STM32F4xx_HAL_Driver/Src/stm32f4xx_hal_exti.c ****       EXTI->FTSR |= maskline;
  92              		.loc 1 186 7 is_stmt 1 view .LVU27
  93              		.loc 1 186 18 is_stmt 0 view .LVU28
  94 0034 264D     		ldr	r5, .L18
  95 0036 EC68     		ldr	r4, [r5, #12]
  96 0038 0443     		orrs	r4, r4, r0
  97 003a EC60     		str	r4, [r5, #12]
  98              	.L7:
 187:Drivers/STM32F4xx_HAL_Driver/Src/stm32f4xx_hal_exti.c ****     }
ARM GAS  /tmp/ccmdLBiJ.s 			page 6


 188:Drivers/STM32F4xx_HAL_Driver/Src/stm32f4xx_hal_exti.c ****     else
 189:Drivers/STM32F4xx_HAL_Driver/Src/stm32f4xx_hal_exti.c ****     {
 190:Drivers/STM32F4xx_HAL_Driver/Src/stm32f4xx_hal_exti.c ****       EXTI->FTSR &= ~maskline;
 191:Drivers/STM32F4xx_HAL_Driver/Src/stm32f4xx_hal_exti.c ****     }
 192:Drivers/STM32F4xx_HAL_Driver/Src/stm32f4xx_hal_exti.c **** 
 193:Drivers/STM32F4xx_HAL_Driver/Src/stm32f4xx_hal_exti.c **** 
 194:Drivers/STM32F4xx_HAL_Driver/Src/stm32f4xx_hal_exti.c ****     /* Configure gpio port selection in case of gpio exti line */
 195:Drivers/STM32F4xx_HAL_Driver/Src/stm32f4xx_hal_exti.c ****     if ((pExtiConfig->Line & EXTI_GPIO) == EXTI_GPIO)
  99              		.loc 1 195 5 is_stmt 1 view .LVU29
 100              		.loc 1 195 28 is_stmt 0 view .LVU30
 101 003c 0C68     		ldr	r4, [r1]
 102 003e 04F0C06C 		and	ip, r4, #100663296
 103              		.loc 1 195 8 view .LVU31
 104 0042 BCF1C06F 		cmp	ip, #100663296
 105 0046 1ED0     		beq	.L17
 106              	.LVL4:
 107              	.L3:
 196:Drivers/STM32F4xx_HAL_Driver/Src/stm32f4xx_hal_exti.c ****     {
 197:Drivers/STM32F4xx_HAL_Driver/Src/stm32f4xx_hal_exti.c ****       assert_param(IS_EXTI_GPIO_PORT(pExtiConfig->GPIOSel));
 198:Drivers/STM32F4xx_HAL_Driver/Src/stm32f4xx_hal_exti.c ****       assert_param(IS_EXTI_GPIO_PIN(linepos));
 199:Drivers/STM32F4xx_HAL_Driver/Src/stm32f4xx_hal_exti.c **** 
 200:Drivers/STM32F4xx_HAL_Driver/Src/stm32f4xx_hal_exti.c ****       regval = SYSCFG->EXTICR[linepos >> 2u];
 201:Drivers/STM32F4xx_HAL_Driver/Src/stm32f4xx_hal_exti.c ****       regval &= ~(SYSCFG_EXTICR1_EXTI0 << (SYSCFG_EXTICR1_EXTI1_Pos * (linepos & 0x03u)));
 202:Drivers/STM32F4xx_HAL_Driver/Src/stm32f4xx_hal_exti.c ****       regval |= (pExtiConfig->GPIOSel << (SYSCFG_EXTICR1_EXTI1_Pos * (linepos & 0x03u)));
 203:Drivers/STM32F4xx_HAL_Driver/Src/stm32f4xx_hal_exti.c ****       SYSCFG->EXTICR[linepos >> 2u] = regval;
 204:Drivers/STM32F4xx_HAL_Driver/Src/stm32f4xx_hal_exti.c ****     }
 205:Drivers/STM32F4xx_HAL_Driver/Src/stm32f4xx_hal_exti.c ****   }
 206:Drivers/STM32F4xx_HAL_Driver/Src/stm32f4xx_hal_exti.c **** 
 207:Drivers/STM32F4xx_HAL_Driver/Src/stm32f4xx_hal_exti.c ****   /* Configure interrupt mode : read current mode */
 208:Drivers/STM32F4xx_HAL_Driver/Src/stm32f4xx_hal_exti.c ****   /* Mask or set line */
 209:Drivers/STM32F4xx_HAL_Driver/Src/stm32f4xx_hal_exti.c ****   if ((pExtiConfig->Mode & EXTI_MODE_INTERRUPT) != 0x00u)
 108              		.loc 1 209 3 is_stmt 1 view .LVU32
 109              		.loc 1 209 19 is_stmt 0 view .LVU33
 110 0048 4B68     		ldr	r3, [r1, #4]
 111              		.loc 1 209 6 view .LVU34
 112 004a 13F0010F 		tst	r3, #1
 113 004e 2DD0     		beq	.L8
 210:Drivers/STM32F4xx_HAL_Driver/Src/stm32f4xx_hal_exti.c ****   {
 211:Drivers/STM32F4xx_HAL_Driver/Src/stm32f4xx_hal_exti.c ****     EXTI->IMR |= maskline;
 114              		.loc 1 211 5 is_stmt 1 view .LVU35
 115              		.loc 1 211 15 is_stmt 0 view .LVU36
 116 0050 1F4A     		ldr	r2, .L18
 117 0052 1368     		ldr	r3, [r2]
 118 0054 0343     		orrs	r3, r3, r0
 119 0056 1360     		str	r3, [r2]
 120              	.L9:
 212:Drivers/STM32F4xx_HAL_Driver/Src/stm32f4xx_hal_exti.c ****   }
 213:Drivers/STM32F4xx_HAL_Driver/Src/stm32f4xx_hal_exti.c ****   else
 214:Drivers/STM32F4xx_HAL_Driver/Src/stm32f4xx_hal_exti.c ****   {
 215:Drivers/STM32F4xx_HAL_Driver/Src/stm32f4xx_hal_exti.c ****     EXTI->IMR &= ~maskline;
 216:Drivers/STM32F4xx_HAL_Driver/Src/stm32f4xx_hal_exti.c ****   }
 217:Drivers/STM32F4xx_HAL_Driver/Src/stm32f4xx_hal_exti.c **** 
 218:Drivers/STM32F4xx_HAL_Driver/Src/stm32f4xx_hal_exti.c ****   /* Configure event mode : read current mode */
 219:Drivers/STM32F4xx_HAL_Driver/Src/stm32f4xx_hal_exti.c ****   /* Mask or set line */
 220:Drivers/STM32F4xx_HAL_Driver/Src/stm32f4xx_hal_exti.c ****   if ((pExtiConfig->Mode & EXTI_MODE_EVENT) != 0x00u)
 121              		.loc 1 220 3 is_stmt 1 view .LVU37
 122              		.loc 1 220 19 is_stmt 0 view .LVU38
ARM GAS  /tmp/ccmdLBiJ.s 			page 7


 123 0058 4B68     		ldr	r3, [r1, #4]
 124              		.loc 1 220 6 view .LVU39
 125 005a 13F0020F 		tst	r3, #2
 126 005e 2BD0     		beq	.L10
 221:Drivers/STM32F4xx_HAL_Driver/Src/stm32f4xx_hal_exti.c ****   {
 222:Drivers/STM32F4xx_HAL_Driver/Src/stm32f4xx_hal_exti.c ****     EXTI->EMR |= maskline;
 127              		.loc 1 222 5 is_stmt 1 view .LVU40
 128              		.loc 1 222 15 is_stmt 0 view .LVU41
 129 0060 1B4A     		ldr	r2, .L18
 130 0062 5368     		ldr	r3, [r2, #4]
 131 0064 1843     		orrs	r0, r0, r3
 132              	.LVL5:
 133              		.loc 1 222 15 view .LVU42
 134 0066 5060     		str	r0, [r2, #4]
 223:Drivers/STM32F4xx_HAL_Driver/Src/stm32f4xx_hal_exti.c ****   }
 224:Drivers/STM32F4xx_HAL_Driver/Src/stm32f4xx_hal_exti.c ****   else
 225:Drivers/STM32F4xx_HAL_Driver/Src/stm32f4xx_hal_exti.c ****   {
 226:Drivers/STM32F4xx_HAL_Driver/Src/stm32f4xx_hal_exti.c ****     EXTI->EMR &= ~maskline;
 227:Drivers/STM32F4xx_HAL_Driver/Src/stm32f4xx_hal_exti.c ****   }
 228:Drivers/STM32F4xx_HAL_Driver/Src/stm32f4xx_hal_exti.c **** 
 229:Drivers/STM32F4xx_HAL_Driver/Src/stm32f4xx_hal_exti.c ****   return HAL_OK;
 135              		.loc 1 229 10 view .LVU43
 136 0068 0020     		movs	r0, #0
 137              	.L2:
 230:Drivers/STM32F4xx_HAL_Driver/Src/stm32f4xx_hal_exti.c **** }
 138              		.loc 1 230 1 view .LVU44
 139 006a 70BC     		pop	{r4, r5, r6}
 140              	.LCFI1:
 141              		.cfi_remember_state
 142              		.cfi_restore 6
 143              		.cfi_restore 5
 144              		.cfi_restore 4
 145              		.cfi_def_cfa_offset 0
 146 006c 7047     		bx	lr
 147              	.LVL6:
 148              	.L4:
 149              	.LCFI2:
 150              		.cfi_restore_state
 179:Drivers/STM32F4xx_HAL_Driver/Src/stm32f4xx_hal_exti.c ****     }
 151              		.loc 1 179 7 is_stmt 1 view .LVU45
 179:Drivers/STM32F4xx_HAL_Driver/Src/stm32f4xx_hal_exti.c ****     }
 152              		.loc 1 179 18 is_stmt 0 view .LVU46
 153 006e 184D     		ldr	r5, .L18
 154 0070 AC68     		ldr	r4, [r5, #8]
 155 0072 24EA0004 		bic	r4, r4, r0
 156 0076 AC60     		str	r4, [r5, #8]
 157 0078 D8E7     		b	.L5
 158              	.L6:
 190:Drivers/STM32F4xx_HAL_Driver/Src/stm32f4xx_hal_exti.c ****     }
 159              		.loc 1 190 7 is_stmt 1 view .LVU47
 190:Drivers/STM32F4xx_HAL_Driver/Src/stm32f4xx_hal_exti.c ****     }
 160              		.loc 1 190 18 is_stmt 0 view .LVU48
 161 007a 154D     		ldr	r5, .L18
 162 007c EC68     		ldr	r4, [r5, #12]
 163 007e 24EA0004 		bic	r4, r4, r0
 164 0082 EC60     		str	r4, [r5, #12]
 165 0084 DAE7     		b	.L7
ARM GAS  /tmp/ccmdLBiJ.s 			page 8


 166              	.L17:
 197:Drivers/STM32F4xx_HAL_Driver/Src/stm32f4xx_hal_exti.c ****       assert_param(IS_EXTI_GPIO_PIN(linepos));
 167              		.loc 1 197 7 is_stmt 1 view .LVU49
 198:Drivers/STM32F4xx_HAL_Driver/Src/stm32f4xx_hal_exti.c **** 
 168              		.loc 1 198 7 view .LVU50
 200:Drivers/STM32F4xx_HAL_Driver/Src/stm32f4xx_hal_exti.c ****       regval &= ~(SYSCFG_EXTICR1_EXTI0 << (SYSCFG_EXTICR1_EXTI1_Pos * (linepos & 0x03u)));
 169              		.loc 1 200 7 view .LVU51
 200:Drivers/STM32F4xx_HAL_Driver/Src/stm32f4xx_hal_exti.c ****       regval &= ~(SYSCFG_EXTICR1_EXTI0 << (SYSCFG_EXTICR1_EXTI1_Pos * (linepos & 0x03u)));
 170              		.loc 1 200 39 is_stmt 0 view .LVU52
 171 0086 9208     		lsrs	r2, r2, #2
 172              	.LVL7:
 200:Drivers/STM32F4xx_HAL_Driver/Src/stm32f4xx_hal_exti.c ****       regval &= ~(SYSCFG_EXTICR1_EXTI0 << (SYSCFG_EXTICR1_EXTI1_Pos * (linepos & 0x03u)));
 173              		.loc 1 200 14 view .LVU53
 174 0088 124E     		ldr	r6, .L18+4
 175 008a 0232     		adds	r2, r2, #2
 176 008c 56F82240 		ldr	r4, [r6, r2, lsl #2]
 177              	.LVL8:
 201:Drivers/STM32F4xx_HAL_Driver/Src/stm32f4xx_hal_exti.c ****       regval |= (pExtiConfig->GPIOSel << (SYSCFG_EXTICR1_EXTI1_Pos * (linepos & 0x03u)));
 178              		.loc 1 201 7 is_stmt 1 view .LVU54
 201:Drivers/STM32F4xx_HAL_Driver/Src/stm32f4xx_hal_exti.c ****       regval |= (pExtiConfig->GPIOSel << (SYSCFG_EXTICR1_EXTI1_Pos * (linepos & 0x03u)));
 179              		.loc 1 201 80 is_stmt 0 view .LVU55
 180 0090 03F00303 		and	r3, r3, #3
 181              	.LVL9:
 201:Drivers/STM32F4xx_HAL_Driver/Src/stm32f4xx_hal_exti.c ****       regval |= (pExtiConfig->GPIOSel << (SYSCFG_EXTICR1_EXTI1_Pos * (linepos & 0x03u)));
 182              		.loc 1 201 69 view .LVU56
 183 0094 9B00     		lsls	r3, r3, #2
 201:Drivers/STM32F4xx_HAL_Driver/Src/stm32f4xx_hal_exti.c ****       regval |= (pExtiConfig->GPIOSel << (SYSCFG_EXTICR1_EXTI1_Pos * (linepos & 0x03u)));
 184              		.loc 1 201 40 view .LVU57
 185 0096 0F25     		movs	r5, #15
 186 0098 9D40     		lsls	r5, r5, r3
 201:Drivers/STM32F4xx_HAL_Driver/Src/stm32f4xx_hal_exti.c ****       regval |= (pExtiConfig->GPIOSel << (SYSCFG_EXTICR1_EXTI1_Pos * (linepos & 0x03u)));
 187              		.loc 1 201 14 view .LVU58
 188 009a 24EA0504 		bic	r4, r4, r5
 189              	.LVL10:
 202:Drivers/STM32F4xx_HAL_Driver/Src/stm32f4xx_hal_exti.c ****       SYSCFG->EXTICR[linepos >> 2u] = regval;
 190              		.loc 1 202 7 is_stmt 1 view .LVU59
 202:Drivers/STM32F4xx_HAL_Driver/Src/stm32f4xx_hal_exti.c ****       SYSCFG->EXTICR[linepos >> 2u] = regval;
 191              		.loc 1 202 39 is_stmt 0 view .LVU60
 192 009e CD68     		ldr	r5, [r1, #12]
 193 00a0 05FA03F3 		lsl	r3, r5, r3
 202:Drivers/STM32F4xx_HAL_Driver/Src/stm32f4xx_hal_exti.c ****       SYSCFG->EXTICR[linepos >> 2u] = regval;
 194              		.loc 1 202 14 view .LVU61
 195 00a4 2343     		orrs	r3, r3, r4
 196              	.LVL11:
 203:Drivers/STM32F4xx_HAL_Driver/Src/stm32f4xx_hal_exti.c ****     }
 197              		.loc 1 203 7 is_stmt 1 view .LVU62
 203:Drivers/STM32F4xx_HAL_Driver/Src/stm32f4xx_hal_exti.c ****     }
 198              		.loc 1 203 37 is_stmt 0 view .LVU63
 199 00a6 46F82230 		str	r3, [r6, r2, lsl #2]
 200 00aa CDE7     		b	.L3
 201              	.LVL12:
 202              	.L8:
 215:Drivers/STM32F4xx_HAL_Driver/Src/stm32f4xx_hal_exti.c ****   }
 203              		.loc 1 215 5 is_stmt 1 view .LVU64
 215:Drivers/STM32F4xx_HAL_Driver/Src/stm32f4xx_hal_exti.c ****   }
 204              		.loc 1 215 15 is_stmt 0 view .LVU65
 205 00ac 084A     		ldr	r2, .L18
ARM GAS  /tmp/ccmdLBiJ.s 			page 9


 206 00ae 1368     		ldr	r3, [r2]
 207 00b0 23EA0003 		bic	r3, r3, r0
 208 00b4 1360     		str	r3, [r2]
 209 00b6 CFE7     		b	.L9
 210              	.L10:
 226:Drivers/STM32F4xx_HAL_Driver/Src/stm32f4xx_hal_exti.c ****   }
 211              		.loc 1 226 5 is_stmt 1 view .LVU66
 226:Drivers/STM32F4xx_HAL_Driver/Src/stm32f4xx_hal_exti.c ****   }
 212              		.loc 1 226 15 is_stmt 0 view .LVU67
 213 00b8 054A     		ldr	r2, .L18
 214 00ba 5368     		ldr	r3, [r2, #4]
 215 00bc 23EA0000 		bic	r0, r3, r0
 216              	.LVL13:
 226:Drivers/STM32F4xx_HAL_Driver/Src/stm32f4xx_hal_exti.c ****   }
 217              		.loc 1 226 15 view .LVU68
 218 00c0 5060     		str	r0, [r2, #4]
 229:Drivers/STM32F4xx_HAL_Driver/Src/stm32f4xx_hal_exti.c **** }
 219              		.loc 1 229 10 view .LVU69
 220 00c2 0020     		movs	r0, #0
 221 00c4 D1E7     		b	.L2
 222              	.LVL14:
 223              	.L11:
 224              	.LCFI3:
 225              		.cfi_def_cfa_offset 0
 226              		.cfi_restore 4
 227              		.cfi_restore 5
 228              		.cfi_restore 6
 152:Drivers/STM32F4xx_HAL_Driver/Src/stm32f4xx_hal_exti.c ****   }
 229              		.loc 1 152 12 view .LVU70
 230 00c6 0120     		movs	r0, #1
 231              	.LVL15:
 152:Drivers/STM32F4xx_HAL_Driver/Src/stm32f4xx_hal_exti.c ****   }
 232              		.loc 1 152 12 view .LVU71
 233 00c8 7047     		bx	lr
 234              	.LVL16:
 235              	.L12:
 152:Drivers/STM32F4xx_HAL_Driver/Src/stm32f4xx_hal_exti.c ****   }
 236              		.loc 1 152 12 view .LVU72
 237 00ca 0120     		movs	r0, #1
 238              	.LVL17:
 239              		.loc 1 230 1 view .LVU73
 240 00cc 7047     		bx	lr
 241              	.L19:
 242 00ce 00BF     		.align	2
 243              	.L18:
 244 00d0 003C0140 		.word	1073822720
 245 00d4 00380140 		.word	1073821696
 246              		.cfi_endproc
 247              	.LFE130:
 249              		.section	.text.HAL_EXTI_GetConfigLine,"ax",%progbits
 250              		.align	1
 251              		.global	HAL_EXTI_GetConfigLine
 252              		.syntax unified
 253              		.thumb
 254              		.thumb_func
 256              	HAL_EXTI_GetConfigLine:
 257              	.LVL18:
ARM GAS  /tmp/ccmdLBiJ.s 			page 10


 258              	.LFB131:
 231:Drivers/STM32F4xx_HAL_Driver/Src/stm32f4xx_hal_exti.c **** 
 232:Drivers/STM32F4xx_HAL_Driver/Src/stm32f4xx_hal_exti.c **** /**
 233:Drivers/STM32F4xx_HAL_Driver/Src/stm32f4xx_hal_exti.c ****   * @brief  Get configuration of a dedicated Exti line.
 234:Drivers/STM32F4xx_HAL_Driver/Src/stm32f4xx_hal_exti.c ****   * @param  hexti Exti handle.
 235:Drivers/STM32F4xx_HAL_Driver/Src/stm32f4xx_hal_exti.c ****   * @param  pExtiConfig Pointer on structure to store Exti configuration.
 236:Drivers/STM32F4xx_HAL_Driver/Src/stm32f4xx_hal_exti.c ****   * @retval HAL Status.
 237:Drivers/STM32F4xx_HAL_Driver/Src/stm32f4xx_hal_exti.c ****   */
 238:Drivers/STM32F4xx_HAL_Driver/Src/stm32f4xx_hal_exti.c **** HAL_StatusTypeDef HAL_EXTI_GetConfigLine(EXTI_HandleTypeDef *hexti, EXTI_ConfigTypeDef *pExtiConfig
 239:Drivers/STM32F4xx_HAL_Driver/Src/stm32f4xx_hal_exti.c **** {
 259              		.loc 1 239 1 is_stmt 1 view -0
 260              		.cfi_startproc
 261              		@ args = 0, pretend = 0, frame = 0
 262              		@ frame_needed = 0, uses_anonymous_args = 0
 263              		@ link register save eliminated.
 240:Drivers/STM32F4xx_HAL_Driver/Src/stm32f4xx_hal_exti.c ****   uint32_t regval;
 264              		.loc 1 240 3 view .LVU75
 241:Drivers/STM32F4xx_HAL_Driver/Src/stm32f4xx_hal_exti.c ****   uint32_t linepos;
 265              		.loc 1 241 3 view .LVU76
 242:Drivers/STM32F4xx_HAL_Driver/Src/stm32f4xx_hal_exti.c ****   uint32_t maskline;
 266              		.loc 1 242 3 view .LVU77
 243:Drivers/STM32F4xx_HAL_Driver/Src/stm32f4xx_hal_exti.c **** 
 244:Drivers/STM32F4xx_HAL_Driver/Src/stm32f4xx_hal_exti.c ****   /* Check null pointer */
 245:Drivers/STM32F4xx_HAL_Driver/Src/stm32f4xx_hal_exti.c ****   if ((hexti == NULL) || (pExtiConfig == NULL))
 267              		.loc 1 245 3 view .LVU78
 268              		.loc 1 245 6 is_stmt 0 view .LVU79
 269 0000 0028     		cmp	r0, #0
 270 0002 4AD0     		beq	.L30
 271              		.loc 1 245 23 discriminator 1 view .LVU80
 272 0004 0029     		cmp	r1, #0
 273 0006 4AD0     		beq	.L31
 246:Drivers/STM32F4xx_HAL_Driver/Src/stm32f4xx_hal_exti.c ****   {
 247:Drivers/STM32F4xx_HAL_Driver/Src/stm32f4xx_hal_exti.c ****     return HAL_ERROR;
 248:Drivers/STM32F4xx_HAL_Driver/Src/stm32f4xx_hal_exti.c ****   }
 249:Drivers/STM32F4xx_HAL_Driver/Src/stm32f4xx_hal_exti.c **** 
 250:Drivers/STM32F4xx_HAL_Driver/Src/stm32f4xx_hal_exti.c ****   /* Check the parameter */
 251:Drivers/STM32F4xx_HAL_Driver/Src/stm32f4xx_hal_exti.c ****   assert_param(IS_EXTI_LINE(hexti->Line));
 274              		.loc 1 251 3 is_stmt 1 view .LVU81
 252:Drivers/STM32F4xx_HAL_Driver/Src/stm32f4xx_hal_exti.c **** 
 253:Drivers/STM32F4xx_HAL_Driver/Src/stm32f4xx_hal_exti.c ****   /* Store handle line number to configuration structure */
 254:Drivers/STM32F4xx_HAL_Driver/Src/stm32f4xx_hal_exti.c ****   pExtiConfig->Line = hexti->Line;
 275              		.loc 1 254 3 view .LVU82
 276              		.loc 1 254 28 is_stmt 0 view .LVU83
 277 0008 0068     		ldr	r0, [r0]
 278              	.LVL19:
 279              		.loc 1 254 21 view .LVU84
 280 000a 0860     		str	r0, [r1]
 255:Drivers/STM32F4xx_HAL_Driver/Src/stm32f4xx_hal_exti.c **** 
 256:Drivers/STM32F4xx_HAL_Driver/Src/stm32f4xx_hal_exti.c ****   /* Compute line mask */
 257:Drivers/STM32F4xx_HAL_Driver/Src/stm32f4xx_hal_exti.c ****   linepos = (pExtiConfig->Line & EXTI_PIN_MASK);
 281              		.loc 1 257 3 is_stmt 1 view .LVU85
 282              		.loc 1 257 11 is_stmt 0 view .LVU86
 283 000c 00F01F0C 		and	ip, r0, #31
 284              	.LVL20:
 258:Drivers/STM32F4xx_HAL_Driver/Src/stm32f4xx_hal_exti.c ****   maskline = (1uL << linepos);
 285              		.loc 1 258 3 is_stmt 1 view .LVU87
 286              		.loc 1 258 12 is_stmt 0 view .LVU88
ARM GAS  /tmp/ccmdLBiJ.s 			page 11


 287 0010 0123     		movs	r3, #1
 288 0012 03FA0CF3 		lsl	r3, r3, ip
 289              	.LVL21:
 259:Drivers/STM32F4xx_HAL_Driver/Src/stm32f4xx_hal_exti.c **** 
 260:Drivers/STM32F4xx_HAL_Driver/Src/stm32f4xx_hal_exti.c ****   /* 1] Get core mode : interrupt */
 261:Drivers/STM32F4xx_HAL_Driver/Src/stm32f4xx_hal_exti.c **** 
 262:Drivers/STM32F4xx_HAL_Driver/Src/stm32f4xx_hal_exti.c ****   /* Check if selected line is enable */
 263:Drivers/STM32F4xx_HAL_Driver/Src/stm32f4xx_hal_exti.c ****   if ((EXTI->IMR & maskline) != 0x00u)
 290              		.loc 1 263 3 is_stmt 1 view .LVU89
 291              		.loc 1 263 12 is_stmt 0 view .LVU90
 292 0016 234A     		ldr	r2, .L33
 293 0018 1268     		ldr	r2, [r2]
 294              		.loc 1 263 6 view .LVU91
 295 001a 1A42     		tst	r2, r3
 296 001c 22D0     		beq	.L22
 264:Drivers/STM32F4xx_HAL_Driver/Src/stm32f4xx_hal_exti.c ****   {
 265:Drivers/STM32F4xx_HAL_Driver/Src/stm32f4xx_hal_exti.c ****     pExtiConfig->Mode = EXTI_MODE_INTERRUPT;
 297              		.loc 1 265 5 is_stmt 1 view .LVU92
 298              		.loc 1 265 23 is_stmt 0 view .LVU93
 299 001e 0122     		movs	r2, #1
 300 0020 4A60     		str	r2, [r1, #4]
 301              	.L23:
 266:Drivers/STM32F4xx_HAL_Driver/Src/stm32f4xx_hal_exti.c ****   }
 267:Drivers/STM32F4xx_HAL_Driver/Src/stm32f4xx_hal_exti.c ****   else
 268:Drivers/STM32F4xx_HAL_Driver/Src/stm32f4xx_hal_exti.c ****   {
 269:Drivers/STM32F4xx_HAL_Driver/Src/stm32f4xx_hal_exti.c ****     pExtiConfig->Mode = EXTI_MODE_NONE;
 270:Drivers/STM32F4xx_HAL_Driver/Src/stm32f4xx_hal_exti.c ****   }
 271:Drivers/STM32F4xx_HAL_Driver/Src/stm32f4xx_hal_exti.c **** 
 272:Drivers/STM32F4xx_HAL_Driver/Src/stm32f4xx_hal_exti.c ****   /* Get event mode */
 273:Drivers/STM32F4xx_HAL_Driver/Src/stm32f4xx_hal_exti.c ****   /* Check if selected line is enable */
 274:Drivers/STM32F4xx_HAL_Driver/Src/stm32f4xx_hal_exti.c ****   if ((EXTI->EMR & maskline) != 0x00u)
 302              		.loc 1 274 3 is_stmt 1 view .LVU94
 303              		.loc 1 274 12 is_stmt 0 view .LVU95
 304 0022 204A     		ldr	r2, .L33
 305 0024 5268     		ldr	r2, [r2, #4]
 306              		.loc 1 274 6 view .LVU96
 307 0026 1A42     		tst	r2, r3
 308 0028 03D0     		beq	.L24
 275:Drivers/STM32F4xx_HAL_Driver/Src/stm32f4xx_hal_exti.c ****   {
 276:Drivers/STM32F4xx_HAL_Driver/Src/stm32f4xx_hal_exti.c ****     pExtiConfig->Mode |= EXTI_MODE_EVENT;
 309              		.loc 1 276 5 is_stmt 1 view .LVU97
 310              		.loc 1 276 23 is_stmt 0 view .LVU98
 311 002a 4A68     		ldr	r2, [r1, #4]
 312 002c 42F00202 		orr	r2, r2, #2
 313 0030 4A60     		str	r2, [r1, #4]
 314              	.L24:
 277:Drivers/STM32F4xx_HAL_Driver/Src/stm32f4xx_hal_exti.c ****   }
 278:Drivers/STM32F4xx_HAL_Driver/Src/stm32f4xx_hal_exti.c **** 
 279:Drivers/STM32F4xx_HAL_Driver/Src/stm32f4xx_hal_exti.c ****   /* 2] Get trigger for configurable lines : rising */
 280:Drivers/STM32F4xx_HAL_Driver/Src/stm32f4xx_hal_exti.c ****   if ((pExtiConfig->Line & EXTI_CONFIG) != 0x00u)
 315              		.loc 1 280 3 is_stmt 1 view .LVU99
 316              		.loc 1 280 6 is_stmt 0 view .LVU100
 317 0032 10F0007F 		tst	r0, #33554432
 318 0036 2CD0     		beq	.L25
 281:Drivers/STM32F4xx_HAL_Driver/Src/stm32f4xx_hal_exti.c ****   {
 282:Drivers/STM32F4xx_HAL_Driver/Src/stm32f4xx_hal_exti.c ****     /* Check if configuration of selected line is enable */
 283:Drivers/STM32F4xx_HAL_Driver/Src/stm32f4xx_hal_exti.c ****     if ((EXTI->RTSR & maskline) != 0x00u)
ARM GAS  /tmp/ccmdLBiJ.s 			page 12


 319              		.loc 1 283 5 is_stmt 1 view .LVU101
 320              		.loc 1 283 14 is_stmt 0 view .LVU102
 321 0038 1A4A     		ldr	r2, .L33
 322 003a 9268     		ldr	r2, [r2, #8]
 323              		.loc 1 283 8 view .LVU103
 324 003c 1A42     		tst	r2, r3
 325 003e 14D0     		beq	.L26
 284:Drivers/STM32F4xx_HAL_Driver/Src/stm32f4xx_hal_exti.c ****     {
 285:Drivers/STM32F4xx_HAL_Driver/Src/stm32f4xx_hal_exti.c ****       pExtiConfig->Trigger = EXTI_TRIGGER_RISING;
 326              		.loc 1 285 7 is_stmt 1 view .LVU104
 327              		.loc 1 285 28 is_stmt 0 view .LVU105
 328 0040 0122     		movs	r2, #1
 329 0042 8A60     		str	r2, [r1, #8]
 330              	.L27:
 286:Drivers/STM32F4xx_HAL_Driver/Src/stm32f4xx_hal_exti.c ****     }
 287:Drivers/STM32F4xx_HAL_Driver/Src/stm32f4xx_hal_exti.c ****     else
 288:Drivers/STM32F4xx_HAL_Driver/Src/stm32f4xx_hal_exti.c ****     {
 289:Drivers/STM32F4xx_HAL_Driver/Src/stm32f4xx_hal_exti.c ****       pExtiConfig->Trigger = EXTI_TRIGGER_NONE;
 290:Drivers/STM32F4xx_HAL_Driver/Src/stm32f4xx_hal_exti.c ****     }
 291:Drivers/STM32F4xx_HAL_Driver/Src/stm32f4xx_hal_exti.c **** 
 292:Drivers/STM32F4xx_HAL_Driver/Src/stm32f4xx_hal_exti.c ****     /* Get falling configuration */
 293:Drivers/STM32F4xx_HAL_Driver/Src/stm32f4xx_hal_exti.c ****     /* Check if configuration of selected line is enable */
 294:Drivers/STM32F4xx_HAL_Driver/Src/stm32f4xx_hal_exti.c ****     if ((EXTI->FTSR & maskline) != 0x00u)
 331              		.loc 1 294 5 is_stmt 1 view .LVU106
 332              		.loc 1 294 14 is_stmt 0 view .LVU107
 333 0044 174A     		ldr	r2, .L33
 334 0046 D268     		ldr	r2, [r2, #12]
 335              		.loc 1 294 8 view .LVU108
 336 0048 1A42     		tst	r2, r3
 337 004a 03D0     		beq	.L28
 295:Drivers/STM32F4xx_HAL_Driver/Src/stm32f4xx_hal_exti.c ****     {
 296:Drivers/STM32F4xx_HAL_Driver/Src/stm32f4xx_hal_exti.c ****       pExtiConfig->Trigger |= EXTI_TRIGGER_FALLING;
 338              		.loc 1 296 7 is_stmt 1 view .LVU109
 339              		.loc 1 296 28 is_stmt 0 view .LVU110
 340 004c 8B68     		ldr	r3, [r1, #8]
 341              	.LVL22:
 342              		.loc 1 296 28 view .LVU111
 343 004e 43F00203 		orr	r3, r3, #2
 344 0052 8B60     		str	r3, [r1, #8]
 345              	.L28:
 297:Drivers/STM32F4xx_HAL_Driver/Src/stm32f4xx_hal_exti.c ****     }
 298:Drivers/STM32F4xx_HAL_Driver/Src/stm32f4xx_hal_exti.c **** 
 299:Drivers/STM32F4xx_HAL_Driver/Src/stm32f4xx_hal_exti.c ****     /* Get Gpio port selection for gpio lines */
 300:Drivers/STM32F4xx_HAL_Driver/Src/stm32f4xx_hal_exti.c ****     if ((pExtiConfig->Line & EXTI_GPIO) == EXTI_GPIO)
 346              		.loc 1 300 5 is_stmt 1 view .LVU112
 347              		.loc 1 300 28 is_stmt 0 view .LVU113
 348 0054 00F0C063 		and	r3, r0, #100663296
 349              		.loc 1 300 8 view .LVU114
 350 0058 B3F1C06F 		cmp	r3, #100663296
 351 005c 08D0     		beq	.L32
 301:Drivers/STM32F4xx_HAL_Driver/Src/stm32f4xx_hal_exti.c ****     {
 302:Drivers/STM32F4xx_HAL_Driver/Src/stm32f4xx_hal_exti.c ****       assert_param(IS_EXTI_GPIO_PIN(linepos));
 303:Drivers/STM32F4xx_HAL_Driver/Src/stm32f4xx_hal_exti.c **** 
 304:Drivers/STM32F4xx_HAL_Driver/Src/stm32f4xx_hal_exti.c ****       regval = SYSCFG->EXTICR[linepos >> 2u];
 305:Drivers/STM32F4xx_HAL_Driver/Src/stm32f4xx_hal_exti.c ****       pExtiConfig->GPIOSel = ((regval << (SYSCFG_EXTICR1_EXTI1_Pos * (3uL - (linepos & 0x03u)))) >>
 306:Drivers/STM32F4xx_HAL_Driver/Src/stm32f4xx_hal_exti.c ****     }
 307:Drivers/STM32F4xx_HAL_Driver/Src/stm32f4xx_hal_exti.c ****     else
ARM GAS  /tmp/ccmdLBiJ.s 			page 13


 308:Drivers/STM32F4xx_HAL_Driver/Src/stm32f4xx_hal_exti.c ****     {
 309:Drivers/STM32F4xx_HAL_Driver/Src/stm32f4xx_hal_exti.c ****       pExtiConfig->GPIOSel = 0x00u;
 352              		.loc 1 309 7 is_stmt 1 view .LVU115
 353              		.loc 1 309 28 is_stmt 0 view .LVU116
 354 005e 0020     		movs	r0, #0
 355 0060 C860     		str	r0, [r1, #12]
 356 0062 7047     		bx	lr
 357              	.LVL23:
 358              	.L22:
 269:Drivers/STM32F4xx_HAL_Driver/Src/stm32f4xx_hal_exti.c ****   }
 359              		.loc 1 269 5 is_stmt 1 view .LVU117
 269:Drivers/STM32F4xx_HAL_Driver/Src/stm32f4xx_hal_exti.c ****   }
 360              		.loc 1 269 23 is_stmt 0 view .LVU118
 361 0064 0022     		movs	r2, #0
 362 0066 4A60     		str	r2, [r1, #4]
 363 0068 DBE7     		b	.L23
 364              	.L26:
 289:Drivers/STM32F4xx_HAL_Driver/Src/stm32f4xx_hal_exti.c ****     }
 365              		.loc 1 289 7 is_stmt 1 view .LVU119
 289:Drivers/STM32F4xx_HAL_Driver/Src/stm32f4xx_hal_exti.c ****     }
 366              		.loc 1 289 28 is_stmt 0 view .LVU120
 367 006a 0022     		movs	r2, #0
 368 006c 8A60     		str	r2, [r1, #8]
 369 006e E9E7     		b	.L27
 370              	.LVL24:
 371              	.L32:
 302:Drivers/STM32F4xx_HAL_Driver/Src/stm32f4xx_hal_exti.c **** 
 372              		.loc 1 302 7 is_stmt 1 view .LVU121
 304:Drivers/STM32F4xx_HAL_Driver/Src/stm32f4xx_hal_exti.c ****       pExtiConfig->GPIOSel = ((regval << (SYSCFG_EXTICR1_EXTI1_Pos * (3uL - (linepos & 0x03u)))) >>
 373              		.loc 1 304 7 view .LVU122
 304:Drivers/STM32F4xx_HAL_Driver/Src/stm32f4xx_hal_exti.c ****       pExtiConfig->GPIOSel = ((regval << (SYSCFG_EXTICR1_EXTI1_Pos * (3uL - (linepos & 0x03u)))) >>
 374              		.loc 1 304 39 is_stmt 0 view .LVU123
 375 0070 4FEA9C03 		lsr	r3, ip, #2
 304:Drivers/STM32F4xx_HAL_Driver/Src/stm32f4xx_hal_exti.c ****       pExtiConfig->GPIOSel = ((regval << (SYSCFG_EXTICR1_EXTI1_Pos * (3uL - (linepos & 0x03u)))) >>
 376              		.loc 1 304 14 view .LVU124
 377 0074 0233     		adds	r3, r3, #2
 378 0076 0C4A     		ldr	r2, .L33+4
 379 0078 52F82320 		ldr	r2, [r2, r3, lsl #2]
 380              	.LVL25:
 305:Drivers/STM32F4xx_HAL_Driver/Src/stm32f4xx_hal_exti.c ****     }
 381              		.loc 1 305 7 is_stmt 1 view .LVU125
 305:Drivers/STM32F4xx_HAL_Driver/Src/stm32f4xx_hal_exti.c ****     }
 382              		.loc 1 305 75 is_stmt 0 view .LVU126
 383 007c 6FEA0C03 		mvn	r3, ip
 384 0080 03F00303 		and	r3, r3, #3
 305:Drivers/STM32F4xx_HAL_Driver/Src/stm32f4xx_hal_exti.c ****     }
 385              		.loc 1 305 68 view .LVU127
 386 0084 9B00     		lsls	r3, r3, #2
 305:Drivers/STM32F4xx_HAL_Driver/Src/stm32f4xx_hal_exti.c ****     }
 387              		.loc 1 305 39 view .LVU128
 388 0086 02FA03F3 		lsl	r3, r2, r3
 305:Drivers/STM32F4xx_HAL_Driver/Src/stm32f4xx_hal_exti.c ****     }
 389              		.loc 1 305 98 view .LVU129
 390 008a 1B0E     		lsrs	r3, r3, #24
 305:Drivers/STM32F4xx_HAL_Driver/Src/stm32f4xx_hal_exti.c ****     }
 391              		.loc 1 305 28 view .LVU130
 392 008c CB60     		str	r3, [r1, #12]
ARM GAS  /tmp/ccmdLBiJ.s 			page 14


 310:Drivers/STM32F4xx_HAL_Driver/Src/stm32f4xx_hal_exti.c ****     }
 311:Drivers/STM32F4xx_HAL_Driver/Src/stm32f4xx_hal_exti.c ****   }
 312:Drivers/STM32F4xx_HAL_Driver/Src/stm32f4xx_hal_exti.c ****   else
 313:Drivers/STM32F4xx_HAL_Driver/Src/stm32f4xx_hal_exti.c ****   {
 314:Drivers/STM32F4xx_HAL_Driver/Src/stm32f4xx_hal_exti.c ****     /* No Trigger selected */
 315:Drivers/STM32F4xx_HAL_Driver/Src/stm32f4xx_hal_exti.c ****     pExtiConfig->Trigger = EXTI_TRIGGER_NONE;
 316:Drivers/STM32F4xx_HAL_Driver/Src/stm32f4xx_hal_exti.c ****     pExtiConfig->GPIOSel = 0x00u;
 317:Drivers/STM32F4xx_HAL_Driver/Src/stm32f4xx_hal_exti.c ****   }
 318:Drivers/STM32F4xx_HAL_Driver/Src/stm32f4xx_hal_exti.c **** 
 319:Drivers/STM32F4xx_HAL_Driver/Src/stm32f4xx_hal_exti.c ****   return HAL_OK;
 393              		.loc 1 319 10 view .LVU131
 394 008e 0020     		movs	r0, #0
 395 0090 7047     		bx	lr
 396              	.LVL26:
 397              	.L25:
 315:Drivers/STM32F4xx_HAL_Driver/Src/stm32f4xx_hal_exti.c ****     pExtiConfig->GPIOSel = 0x00u;
 398              		.loc 1 315 5 is_stmt 1 view .LVU132
 315:Drivers/STM32F4xx_HAL_Driver/Src/stm32f4xx_hal_exti.c ****     pExtiConfig->GPIOSel = 0x00u;
 399              		.loc 1 315 26 is_stmt 0 view .LVU133
 400 0092 0020     		movs	r0, #0
 401 0094 8860     		str	r0, [r1, #8]
 316:Drivers/STM32F4xx_HAL_Driver/Src/stm32f4xx_hal_exti.c ****   }
 402              		.loc 1 316 5 is_stmt 1 view .LVU134
 316:Drivers/STM32F4xx_HAL_Driver/Src/stm32f4xx_hal_exti.c ****   }
 403              		.loc 1 316 26 is_stmt 0 view .LVU135
 404 0096 C860     		str	r0, [r1, #12]
 405 0098 7047     		bx	lr
 406              	.LVL27:
 407              	.L30:
 247:Drivers/STM32F4xx_HAL_Driver/Src/stm32f4xx_hal_exti.c ****   }
 408              		.loc 1 247 12 view .LVU136
 409 009a 0120     		movs	r0, #1
 410              	.LVL28:
 247:Drivers/STM32F4xx_HAL_Driver/Src/stm32f4xx_hal_exti.c ****   }
 411              		.loc 1 247 12 view .LVU137
 412 009c 7047     		bx	lr
 413              	.LVL29:
 414              	.L31:
 247:Drivers/STM32F4xx_HAL_Driver/Src/stm32f4xx_hal_exti.c ****   }
 415              		.loc 1 247 12 view .LVU138
 416 009e 0120     		movs	r0, #1
 417              	.LVL30:
 320:Drivers/STM32F4xx_HAL_Driver/Src/stm32f4xx_hal_exti.c **** }
 418              		.loc 1 320 1 view .LVU139
 419 00a0 7047     		bx	lr
 420              	.L34:
 421 00a2 00BF     		.align	2
 422              	.L33:
 423 00a4 003C0140 		.word	1073822720
 424 00a8 00380140 		.word	1073821696
 425              		.cfi_endproc
 426              	.LFE131:
 428              		.section	.text.HAL_EXTI_ClearConfigLine,"ax",%progbits
 429              		.align	1
 430              		.global	HAL_EXTI_ClearConfigLine
 431              		.syntax unified
 432              		.thumb
ARM GAS  /tmp/ccmdLBiJ.s 			page 15


 433              		.thumb_func
 435              	HAL_EXTI_ClearConfigLine:
 436              	.LVL31:
 437              	.LFB132:
 321:Drivers/STM32F4xx_HAL_Driver/Src/stm32f4xx_hal_exti.c **** 
 322:Drivers/STM32F4xx_HAL_Driver/Src/stm32f4xx_hal_exti.c **** /**
 323:Drivers/STM32F4xx_HAL_Driver/Src/stm32f4xx_hal_exti.c ****   * @brief  Clear whole configuration of a dedicated Exti line.
 324:Drivers/STM32F4xx_HAL_Driver/Src/stm32f4xx_hal_exti.c ****   * @param  hexti Exti handle.
 325:Drivers/STM32F4xx_HAL_Driver/Src/stm32f4xx_hal_exti.c ****   * @retval HAL Status.
 326:Drivers/STM32F4xx_HAL_Driver/Src/stm32f4xx_hal_exti.c ****   */
 327:Drivers/STM32F4xx_HAL_Driver/Src/stm32f4xx_hal_exti.c **** HAL_StatusTypeDef HAL_EXTI_ClearConfigLine(EXTI_HandleTypeDef *hexti)
 328:Drivers/STM32F4xx_HAL_Driver/Src/stm32f4xx_hal_exti.c **** {
 438              		.loc 1 328 1 is_stmt 1 view -0
 439              		.cfi_startproc
 440              		@ args = 0, pretend = 0, frame = 0
 441              		@ frame_needed = 0, uses_anonymous_args = 0
 329:Drivers/STM32F4xx_HAL_Driver/Src/stm32f4xx_hal_exti.c ****   uint32_t regval;
 442              		.loc 1 329 3 view .LVU141
 330:Drivers/STM32F4xx_HAL_Driver/Src/stm32f4xx_hal_exti.c ****   uint32_t linepos;
 443              		.loc 1 330 3 view .LVU142
 331:Drivers/STM32F4xx_HAL_Driver/Src/stm32f4xx_hal_exti.c ****   uint32_t maskline;
 444              		.loc 1 331 3 view .LVU143
 332:Drivers/STM32F4xx_HAL_Driver/Src/stm32f4xx_hal_exti.c **** 
 333:Drivers/STM32F4xx_HAL_Driver/Src/stm32f4xx_hal_exti.c ****   /* Check null pointer */
 334:Drivers/STM32F4xx_HAL_Driver/Src/stm32f4xx_hal_exti.c ****   if (hexti == NULL)
 445              		.loc 1 334 3 view .LVU144
 446              		.loc 1 334 6 is_stmt 0 view .LVU145
 447 0000 0028     		cmp	r0, #0
 448 0002 38D0     		beq	.L37
 328:Drivers/STM32F4xx_HAL_Driver/Src/stm32f4xx_hal_exti.c ****   uint32_t regval;
 449              		.loc 1 328 1 view .LVU146
 450 0004 10B5     		push	{r4, lr}
 451              	.LCFI4:
 452              		.cfi_def_cfa_offset 8
 453              		.cfi_offset 4, -8
 454              		.cfi_offset 14, -4
 455 0006 8446     		mov	ip, r0
 335:Drivers/STM32F4xx_HAL_Driver/Src/stm32f4xx_hal_exti.c ****   {
 336:Drivers/STM32F4xx_HAL_Driver/Src/stm32f4xx_hal_exti.c ****     return HAL_ERROR;
 337:Drivers/STM32F4xx_HAL_Driver/Src/stm32f4xx_hal_exti.c ****   }
 338:Drivers/STM32F4xx_HAL_Driver/Src/stm32f4xx_hal_exti.c **** 
 339:Drivers/STM32F4xx_HAL_Driver/Src/stm32f4xx_hal_exti.c ****   /* Check the parameter */
 340:Drivers/STM32F4xx_HAL_Driver/Src/stm32f4xx_hal_exti.c ****   assert_param(IS_EXTI_LINE(hexti->Line));
 456              		.loc 1 340 3 is_stmt 1 view .LVU147
 341:Drivers/STM32F4xx_HAL_Driver/Src/stm32f4xx_hal_exti.c **** 
 342:Drivers/STM32F4xx_HAL_Driver/Src/stm32f4xx_hal_exti.c ****   /* compute line mask */
 343:Drivers/STM32F4xx_HAL_Driver/Src/stm32f4xx_hal_exti.c ****   linepos = (hexti->Line & EXTI_PIN_MASK);
 457              		.loc 1 343 3 view .LVU148
 458              		.loc 1 343 19 is_stmt 0 view .LVU149
 459 0008 0468     		ldr	r4, [r0]
 460              		.loc 1 343 11 view .LVU150
 461 000a 04F01F00 		and	r0, r4, #31
 462              	.LVL32:
 344:Drivers/STM32F4xx_HAL_Driver/Src/stm32f4xx_hal_exti.c ****   maskline = (1uL << linepos);
 463              		.loc 1 344 3 is_stmt 1 view .LVU151
 464              		.loc 1 344 12 is_stmt 0 view .LVU152
 465 000e 0123     		movs	r3, #1
ARM GAS  /tmp/ccmdLBiJ.s 			page 16


 466 0010 8340     		lsls	r3, r3, r0
 467              	.LVL33:
 345:Drivers/STM32F4xx_HAL_Driver/Src/stm32f4xx_hal_exti.c **** 
 346:Drivers/STM32F4xx_HAL_Driver/Src/stm32f4xx_hal_exti.c ****   /* 1] Clear interrupt mode */
 347:Drivers/STM32F4xx_HAL_Driver/Src/stm32f4xx_hal_exti.c ****   EXTI->IMR = (EXTI->IMR & ~maskline);
 468              		.loc 1 347 3 is_stmt 1 view .LVU153
 469              		.loc 1 347 20 is_stmt 0 view .LVU154
 470 0012 1B4A     		ldr	r2, .L45
 471 0014 1168     		ldr	r1, [r2]
 472              		.loc 1 347 28 view .LVU155
 473 0016 6FEA030E 		mvn	lr, r3
 474              		.loc 1 347 26 view .LVU156
 475 001a 21EA0301 		bic	r1, r1, r3
 476              		.loc 1 347 13 view .LVU157
 477 001e 1160     		str	r1, [r2]
 348:Drivers/STM32F4xx_HAL_Driver/Src/stm32f4xx_hal_exti.c **** 
 349:Drivers/STM32F4xx_HAL_Driver/Src/stm32f4xx_hal_exti.c ****   /* 2] Clear event mode */
 350:Drivers/STM32F4xx_HAL_Driver/Src/stm32f4xx_hal_exti.c ****   EXTI->EMR = (EXTI->EMR & ~maskline);
 478              		.loc 1 350 3 is_stmt 1 view .LVU158
 479              		.loc 1 350 20 is_stmt 0 view .LVU159
 480 0020 5168     		ldr	r1, [r2, #4]
 481              		.loc 1 350 26 view .LVU160
 482 0022 21EA0303 		bic	r3, r1, r3
 483              	.LVL34:
 484              		.loc 1 350 13 view .LVU161
 485 0026 5360     		str	r3, [r2, #4]
 351:Drivers/STM32F4xx_HAL_Driver/Src/stm32f4xx_hal_exti.c **** 
 352:Drivers/STM32F4xx_HAL_Driver/Src/stm32f4xx_hal_exti.c ****   /* 3] Clear triggers in case of configurable lines */
 353:Drivers/STM32F4xx_HAL_Driver/Src/stm32f4xx_hal_exti.c ****   if ((hexti->Line & EXTI_CONFIG) != 0x00u)
 486              		.loc 1 353 3 is_stmt 1 view .LVU162
 487              		.loc 1 353 13 is_stmt 0 view .LVU163
 488 0028 DCF80030 		ldr	r3, [ip]
 489              		.loc 1 353 6 view .LVU164
 490 002c 13F0007F 		tst	r3, #33554432
 491 0030 23D0     		beq	.L38
 354:Drivers/STM32F4xx_HAL_Driver/Src/stm32f4xx_hal_exti.c ****   {
 355:Drivers/STM32F4xx_HAL_Driver/Src/stm32f4xx_hal_exti.c ****     EXTI->RTSR = (EXTI->RTSR & ~maskline);
 492              		.loc 1 355 5 is_stmt 1 view .LVU165
 493              		.loc 1 355 23 is_stmt 0 view .LVU166
 494 0032 9368     		ldr	r3, [r2, #8]
 495              		.loc 1 355 30 view .LVU167
 496 0034 0EEA0303 		and	r3, lr, r3
 497              		.loc 1 355 16 view .LVU168
 498 0038 9360     		str	r3, [r2, #8]
 356:Drivers/STM32F4xx_HAL_Driver/Src/stm32f4xx_hal_exti.c ****     EXTI->FTSR = (EXTI->FTSR & ~maskline);
 499              		.loc 1 356 5 is_stmt 1 view .LVU169
 500              		.loc 1 356 23 is_stmt 0 view .LVU170
 501 003a D368     		ldr	r3, [r2, #12]
 502              		.loc 1 356 30 view .LVU171
 503 003c 0EEA0303 		and	r3, lr, r3
 504              		.loc 1 356 16 view .LVU172
 505 0040 D360     		str	r3, [r2, #12]
 357:Drivers/STM32F4xx_HAL_Driver/Src/stm32f4xx_hal_exti.c **** 
 358:Drivers/STM32F4xx_HAL_Driver/Src/stm32f4xx_hal_exti.c ****     /* Get Gpio port selection for gpio lines */
 359:Drivers/STM32F4xx_HAL_Driver/Src/stm32f4xx_hal_exti.c ****     if ((hexti->Line & EXTI_GPIO) == EXTI_GPIO)
 506              		.loc 1 359 5 is_stmt 1 view .LVU173
 507              		.loc 1 359 15 is_stmt 0 view .LVU174
ARM GAS  /tmp/ccmdLBiJ.s 			page 17


 508 0042 DCF80030 		ldr	r3, [ip]
 509              		.loc 1 359 22 view .LVU175
 510 0046 03F0C063 		and	r3, r3, #100663296
 511              		.loc 1 359 8 view .LVU176
 512 004a B3F1C06F 		cmp	r3, #100663296
 513 004e 01D0     		beq	.L44
 360:Drivers/STM32F4xx_HAL_Driver/Src/stm32f4xx_hal_exti.c ****     {
 361:Drivers/STM32F4xx_HAL_Driver/Src/stm32f4xx_hal_exti.c ****       assert_param(IS_EXTI_GPIO_PIN(linepos));
 362:Drivers/STM32F4xx_HAL_Driver/Src/stm32f4xx_hal_exti.c **** 
 363:Drivers/STM32F4xx_HAL_Driver/Src/stm32f4xx_hal_exti.c ****       regval = SYSCFG->EXTICR[linepos >> 2u];
 364:Drivers/STM32F4xx_HAL_Driver/Src/stm32f4xx_hal_exti.c ****       regval &= ~(SYSCFG_EXTICR1_EXTI0 << (SYSCFG_EXTICR1_EXTI1_Pos * (linepos & 0x03u)));
 365:Drivers/STM32F4xx_HAL_Driver/Src/stm32f4xx_hal_exti.c ****       SYSCFG->EXTICR[linepos >> 2u] = regval;
 366:Drivers/STM32F4xx_HAL_Driver/Src/stm32f4xx_hal_exti.c ****     }
 367:Drivers/STM32F4xx_HAL_Driver/Src/stm32f4xx_hal_exti.c ****   }
 368:Drivers/STM32F4xx_HAL_Driver/Src/stm32f4xx_hal_exti.c **** 
 369:Drivers/STM32F4xx_HAL_Driver/Src/stm32f4xx_hal_exti.c ****   return HAL_OK;
 514              		.loc 1 369 10 view .LVU177
 515 0050 0020     		movs	r0, #0
 516              	.LVL35:
 517              		.loc 1 369 10 view .LVU178
 518 0052 13E0     		b	.L36
 519              	.LVL36:
 520              	.L44:
 361:Drivers/STM32F4xx_HAL_Driver/Src/stm32f4xx_hal_exti.c **** 
 521              		.loc 1 361 7 is_stmt 1 view .LVU179
 363:Drivers/STM32F4xx_HAL_Driver/Src/stm32f4xx_hal_exti.c ****       regval &= ~(SYSCFG_EXTICR1_EXTI0 << (SYSCFG_EXTICR1_EXTI1_Pos * (linepos & 0x03u)));
 522              		.loc 1 363 7 view .LVU180
 363:Drivers/STM32F4xx_HAL_Driver/Src/stm32f4xx_hal_exti.c ****       regval &= ~(SYSCFG_EXTICR1_EXTI0 << (SYSCFG_EXTICR1_EXTI1_Pos * (linepos & 0x03u)));
 523              		.loc 1 363 39 is_stmt 0 view .LVU181
 524 0054 8008     		lsrs	r0, r0, #2
 525              	.LVL37:
 363:Drivers/STM32F4xx_HAL_Driver/Src/stm32f4xx_hal_exti.c ****       regval &= ~(SYSCFG_EXTICR1_EXTI0 << (SYSCFG_EXTICR1_EXTI1_Pos * (linepos & 0x03u)));
 526              		.loc 1 363 14 view .LVU182
 527 0056 0B49     		ldr	r1, .L45+4
 528 0058 0230     		adds	r0, r0, #2
 529 005a 51F82030 		ldr	r3, [r1, r0, lsl #2]
 530              	.LVL38:
 364:Drivers/STM32F4xx_HAL_Driver/Src/stm32f4xx_hal_exti.c ****       SYSCFG->EXTICR[linepos >> 2u] = regval;
 531              		.loc 1 364 7 is_stmt 1 view .LVU183
 364:Drivers/STM32F4xx_HAL_Driver/Src/stm32f4xx_hal_exti.c ****       SYSCFG->EXTICR[linepos >> 2u] = regval;
 532              		.loc 1 364 80 is_stmt 0 view .LVU184
 533 005e 04F00304 		and	r4, r4, #3
 534              	.LVL39:
 364:Drivers/STM32F4xx_HAL_Driver/Src/stm32f4xx_hal_exti.c ****       SYSCFG->EXTICR[linepos >> 2u] = regval;
 535              		.loc 1 364 69 view .LVU185
 536 0062 A400     		lsls	r4, r4, #2
 364:Drivers/STM32F4xx_HAL_Driver/Src/stm32f4xx_hal_exti.c ****       SYSCFG->EXTICR[linepos >> 2u] = regval;
 537              		.loc 1 364 40 view .LVU186
 538 0064 0F22     		movs	r2, #15
 539 0066 02FA04F4 		lsl	r4, r2, r4
 364:Drivers/STM32F4xx_HAL_Driver/Src/stm32f4xx_hal_exti.c ****       SYSCFG->EXTICR[linepos >> 2u] = regval;
 540              		.loc 1 364 14 view .LVU187
 541 006a 23EA0404 		bic	r4, r3, r4
 542              	.LVL40:
 365:Drivers/STM32F4xx_HAL_Driver/Src/stm32f4xx_hal_exti.c ****     }
 543              		.loc 1 365 7 is_stmt 1 view .LVU188
 365:Drivers/STM32F4xx_HAL_Driver/Src/stm32f4xx_hal_exti.c ****     }
ARM GAS  /tmp/ccmdLBiJ.s 			page 18


 544              		.loc 1 365 37 is_stmt 0 view .LVU189
 545 006e 41F82040 		str	r4, [r1, r0, lsl #2]
 546              		.loc 1 369 10 view .LVU190
 547 0072 0020     		movs	r0, #0
 548 0074 02E0     		b	.L36
 549              	.LVL41:
 550              	.L37:
 551              	.LCFI5:
 552              		.cfi_def_cfa_offset 0
 553              		.cfi_restore 4
 554              		.cfi_restore 14
 336:Drivers/STM32F4xx_HAL_Driver/Src/stm32f4xx_hal_exti.c ****   }
 555              		.loc 1 336 12 view .LVU191
 556 0076 0120     		movs	r0, #1
 557              	.LVL42:
 370:Drivers/STM32F4xx_HAL_Driver/Src/stm32f4xx_hal_exti.c **** }
 558              		.loc 1 370 1 view .LVU192
 559 0078 7047     		bx	lr
 560              	.LVL43:
 561              	.L38:
 562              	.LCFI6:
 563              		.cfi_def_cfa_offset 8
 564              		.cfi_offset 4, -8
 565              		.cfi_offset 14, -4
 369:Drivers/STM32F4xx_HAL_Driver/Src/stm32f4xx_hal_exti.c **** }
 566              		.loc 1 369 10 view .LVU193
 567 007a 0020     		movs	r0, #0
 568              	.LVL44:
 569              	.L36:
 570              		.loc 1 370 1 view .LVU194
 571 007c 10BD     		pop	{r4, pc}
 572              	.L46:
 573 007e 00BF     		.align	2
 574              	.L45:
 575 0080 003C0140 		.word	1073822720
 576 0084 00380140 		.word	1073821696
 577              		.cfi_endproc
 578              	.LFE132:
 580              		.section	.text.HAL_EXTI_RegisterCallback,"ax",%progbits
 581              		.align	1
 582              		.global	HAL_EXTI_RegisterCallback
 583              		.syntax unified
 584              		.thumb
 585              		.thumb_func
 587              	HAL_EXTI_RegisterCallback:
 588              	.LVL45:
 589              	.LFB133:
 371:Drivers/STM32F4xx_HAL_Driver/Src/stm32f4xx_hal_exti.c **** 
 372:Drivers/STM32F4xx_HAL_Driver/Src/stm32f4xx_hal_exti.c **** /**
 373:Drivers/STM32F4xx_HAL_Driver/Src/stm32f4xx_hal_exti.c ****   * @brief  Register callback for a dedicated Exti line.
 374:Drivers/STM32F4xx_HAL_Driver/Src/stm32f4xx_hal_exti.c ****   * @param  hexti Exti handle.
 375:Drivers/STM32F4xx_HAL_Driver/Src/stm32f4xx_hal_exti.c ****   * @param  CallbackID User callback identifier.
 376:Drivers/STM32F4xx_HAL_Driver/Src/stm32f4xx_hal_exti.c ****   *         This parameter can be one of @arg @ref EXTI_CallbackIDTypeDef values.
 377:Drivers/STM32F4xx_HAL_Driver/Src/stm32f4xx_hal_exti.c ****   * @param  pPendingCbfn function pointer to be stored as callback.
 378:Drivers/STM32F4xx_HAL_Driver/Src/stm32f4xx_hal_exti.c ****   * @retval HAL Status.
 379:Drivers/STM32F4xx_HAL_Driver/Src/stm32f4xx_hal_exti.c ****   */
 380:Drivers/STM32F4xx_HAL_Driver/Src/stm32f4xx_hal_exti.c **** HAL_StatusTypeDef HAL_EXTI_RegisterCallback(EXTI_HandleTypeDef *hexti, EXTI_CallbackIDTypeDef Callb
ARM GAS  /tmp/ccmdLBiJ.s 			page 19


 381:Drivers/STM32F4xx_HAL_Driver/Src/stm32f4xx_hal_exti.c **** {
 590              		.loc 1 381 1 is_stmt 1 view -0
 591              		.cfi_startproc
 592              		@ args = 0, pretend = 0, frame = 0
 593              		@ frame_needed = 0, uses_anonymous_args = 0
 594              		@ link register save eliminated.
 595              		.loc 1 381 1 is_stmt 0 view .LVU196
 596 0000 0346     		mov	r3, r0
 382:Drivers/STM32F4xx_HAL_Driver/Src/stm32f4xx_hal_exti.c ****   HAL_StatusTypeDef status = HAL_OK;
 597              		.loc 1 382 3 is_stmt 1 view .LVU197
 598              	.LVL46:
 383:Drivers/STM32F4xx_HAL_Driver/Src/stm32f4xx_hal_exti.c **** 
 384:Drivers/STM32F4xx_HAL_Driver/Src/stm32f4xx_hal_exti.c ****   switch (CallbackID)
 599              		.loc 1 384 3 view .LVU198
 600 0002 0846     		mov	r0, r1
 601              	.LVL47:
 602              		.loc 1 384 3 is_stmt 0 view .LVU199
 603 0004 09B9     		cbnz	r1, .L49
 385:Drivers/STM32F4xx_HAL_Driver/Src/stm32f4xx_hal_exti.c ****   {
 386:Drivers/STM32F4xx_HAL_Driver/Src/stm32f4xx_hal_exti.c ****     case  HAL_EXTI_COMMON_CB_ID:
 387:Drivers/STM32F4xx_HAL_Driver/Src/stm32f4xx_hal_exti.c ****       hexti->PendingCallback = pPendingCbfn;
 604              		.loc 1 387 7 is_stmt 1 view .LVU200
 605              		.loc 1 387 30 is_stmt 0 view .LVU201
 606 0006 5A60     		str	r2, [r3, #4]
 388:Drivers/STM32F4xx_HAL_Driver/Src/stm32f4xx_hal_exti.c ****       break;
 607              		.loc 1 388 7 is_stmt 1 view .LVU202
 608 0008 7047     		bx	lr
 609              	.L49:
 389:Drivers/STM32F4xx_HAL_Driver/Src/stm32f4xx_hal_exti.c **** 
 390:Drivers/STM32F4xx_HAL_Driver/Src/stm32f4xx_hal_exti.c ****     default:
 391:Drivers/STM32F4xx_HAL_Driver/Src/stm32f4xx_hal_exti.c ****       status = HAL_ERROR;
 610              		.loc 1 391 14 is_stmt 0 view .LVU203
 611 000a 0120     		movs	r0, #1
 612              	.LVL48:
 392:Drivers/STM32F4xx_HAL_Driver/Src/stm32f4xx_hal_exti.c ****       break;
 393:Drivers/STM32F4xx_HAL_Driver/Src/stm32f4xx_hal_exti.c ****   }
 394:Drivers/STM32F4xx_HAL_Driver/Src/stm32f4xx_hal_exti.c **** 
 395:Drivers/STM32F4xx_HAL_Driver/Src/stm32f4xx_hal_exti.c ****   return status;
 613              		.loc 1 395 3 is_stmt 1 view .LVU204
 396:Drivers/STM32F4xx_HAL_Driver/Src/stm32f4xx_hal_exti.c **** }
 614              		.loc 1 396 1 is_stmt 0 view .LVU205
 615 000c 7047     		bx	lr
 616              		.cfi_endproc
 617              	.LFE133:
 619              		.section	.text.HAL_EXTI_GetHandle,"ax",%progbits
 620              		.align	1
 621              		.global	HAL_EXTI_GetHandle
 622              		.syntax unified
 623              		.thumb
 624              		.thumb_func
 626              	HAL_EXTI_GetHandle:
 627              	.LVL49:
 628              	.LFB134:
 397:Drivers/STM32F4xx_HAL_Driver/Src/stm32f4xx_hal_exti.c **** 
 398:Drivers/STM32F4xx_HAL_Driver/Src/stm32f4xx_hal_exti.c **** /**
 399:Drivers/STM32F4xx_HAL_Driver/Src/stm32f4xx_hal_exti.c ****   * @brief  Store line number as handle private field.
 400:Drivers/STM32F4xx_HAL_Driver/Src/stm32f4xx_hal_exti.c ****   * @param  hexti Exti handle.
ARM GAS  /tmp/ccmdLBiJ.s 			page 20


 401:Drivers/STM32F4xx_HAL_Driver/Src/stm32f4xx_hal_exti.c ****   * @param  ExtiLine Exti line number.
 402:Drivers/STM32F4xx_HAL_Driver/Src/stm32f4xx_hal_exti.c ****   *         This parameter can be from 0 to @ref EXTI_LINE_NB.
 403:Drivers/STM32F4xx_HAL_Driver/Src/stm32f4xx_hal_exti.c ****   * @retval HAL Status.
 404:Drivers/STM32F4xx_HAL_Driver/Src/stm32f4xx_hal_exti.c ****   */
 405:Drivers/STM32F4xx_HAL_Driver/Src/stm32f4xx_hal_exti.c **** HAL_StatusTypeDef HAL_EXTI_GetHandle(EXTI_HandleTypeDef *hexti, uint32_t ExtiLine)
 406:Drivers/STM32F4xx_HAL_Driver/Src/stm32f4xx_hal_exti.c **** {
 629              		.loc 1 406 1 is_stmt 1 view -0
 630              		.cfi_startproc
 631              		@ args = 0, pretend = 0, frame = 0
 632              		@ frame_needed = 0, uses_anonymous_args = 0
 633              		@ link register save eliminated.
 407:Drivers/STM32F4xx_HAL_Driver/Src/stm32f4xx_hal_exti.c ****   /* Check the parameters */
 408:Drivers/STM32F4xx_HAL_Driver/Src/stm32f4xx_hal_exti.c ****   assert_param(IS_EXTI_LINE(ExtiLine));
 634              		.loc 1 408 3 view .LVU207
 409:Drivers/STM32F4xx_HAL_Driver/Src/stm32f4xx_hal_exti.c **** 
 410:Drivers/STM32F4xx_HAL_Driver/Src/stm32f4xx_hal_exti.c ****   /* Check null pointer */
 411:Drivers/STM32F4xx_HAL_Driver/Src/stm32f4xx_hal_exti.c ****   if (hexti == NULL)
 635              		.loc 1 411 3 view .LVU208
 636              		.loc 1 411 6 is_stmt 0 view .LVU209
 637 0000 10B1     		cbz	r0, .L52
 412:Drivers/STM32F4xx_HAL_Driver/Src/stm32f4xx_hal_exti.c ****   {
 413:Drivers/STM32F4xx_HAL_Driver/Src/stm32f4xx_hal_exti.c ****     return HAL_ERROR;
 414:Drivers/STM32F4xx_HAL_Driver/Src/stm32f4xx_hal_exti.c ****   }
 415:Drivers/STM32F4xx_HAL_Driver/Src/stm32f4xx_hal_exti.c ****   else
 416:Drivers/STM32F4xx_HAL_Driver/Src/stm32f4xx_hal_exti.c ****   {
 417:Drivers/STM32F4xx_HAL_Driver/Src/stm32f4xx_hal_exti.c ****     /* Store line number as handle private field */
 418:Drivers/STM32F4xx_HAL_Driver/Src/stm32f4xx_hal_exti.c ****     hexti->Line = ExtiLine;
 638              		.loc 1 418 5 is_stmt 1 view .LVU210
 639              		.loc 1 418 17 is_stmt 0 view .LVU211
 640 0002 0160     		str	r1, [r0]
 419:Drivers/STM32F4xx_HAL_Driver/Src/stm32f4xx_hal_exti.c **** 
 420:Drivers/STM32F4xx_HAL_Driver/Src/stm32f4xx_hal_exti.c ****     return HAL_OK;
 641              		.loc 1 420 5 is_stmt 1 view .LVU212
 642              		.loc 1 420 12 is_stmt 0 view .LVU213
 643 0004 0020     		movs	r0, #0
 644              	.LVL50:
 645              		.loc 1 420 12 view .LVU214
 646 0006 7047     		bx	lr
 647              	.LVL51:
 648              	.L52:
 413:Drivers/STM32F4xx_HAL_Driver/Src/stm32f4xx_hal_exti.c ****   }
 649              		.loc 1 413 12 view .LVU215
 650 0008 0120     		movs	r0, #1
 651              	.LVL52:
 421:Drivers/STM32F4xx_HAL_Driver/Src/stm32f4xx_hal_exti.c ****   }
 422:Drivers/STM32F4xx_HAL_Driver/Src/stm32f4xx_hal_exti.c **** }
 652              		.loc 1 422 1 view .LVU216
 653 000a 7047     		bx	lr
 654              		.cfi_endproc
 655              	.LFE134:
 657              		.section	.text.HAL_EXTI_IRQHandler,"ax",%progbits
 658              		.align	1
 659              		.global	HAL_EXTI_IRQHandler
 660              		.syntax unified
 661              		.thumb
 662              		.thumb_func
 664              	HAL_EXTI_IRQHandler:
ARM GAS  /tmp/ccmdLBiJ.s 			page 21


 665              	.LVL53:
 666              	.LFB135:
 423:Drivers/STM32F4xx_HAL_Driver/Src/stm32f4xx_hal_exti.c **** 
 424:Drivers/STM32F4xx_HAL_Driver/Src/stm32f4xx_hal_exti.c **** /**
 425:Drivers/STM32F4xx_HAL_Driver/Src/stm32f4xx_hal_exti.c ****   * @}
 426:Drivers/STM32F4xx_HAL_Driver/Src/stm32f4xx_hal_exti.c ****   */
 427:Drivers/STM32F4xx_HAL_Driver/Src/stm32f4xx_hal_exti.c **** 
 428:Drivers/STM32F4xx_HAL_Driver/Src/stm32f4xx_hal_exti.c **** /** @addtogroup EXTI_Exported_Functions_Group2
 429:Drivers/STM32F4xx_HAL_Driver/Src/stm32f4xx_hal_exti.c ****   *  @brief EXTI IO functions.
 430:Drivers/STM32F4xx_HAL_Driver/Src/stm32f4xx_hal_exti.c ****   *
 431:Drivers/STM32F4xx_HAL_Driver/Src/stm32f4xx_hal_exti.c **** @verbatim
 432:Drivers/STM32F4xx_HAL_Driver/Src/stm32f4xx_hal_exti.c ****  ===============================================================================
 433:Drivers/STM32F4xx_HAL_Driver/Src/stm32f4xx_hal_exti.c ****                        ##### IO operation functions #####
 434:Drivers/STM32F4xx_HAL_Driver/Src/stm32f4xx_hal_exti.c ****  ===============================================================================
 435:Drivers/STM32F4xx_HAL_Driver/Src/stm32f4xx_hal_exti.c **** 
 436:Drivers/STM32F4xx_HAL_Driver/Src/stm32f4xx_hal_exti.c **** @endverbatim
 437:Drivers/STM32F4xx_HAL_Driver/Src/stm32f4xx_hal_exti.c ****   * @{
 438:Drivers/STM32F4xx_HAL_Driver/Src/stm32f4xx_hal_exti.c ****   */
 439:Drivers/STM32F4xx_HAL_Driver/Src/stm32f4xx_hal_exti.c **** 
 440:Drivers/STM32F4xx_HAL_Driver/Src/stm32f4xx_hal_exti.c **** /**
 441:Drivers/STM32F4xx_HAL_Driver/Src/stm32f4xx_hal_exti.c ****   * @brief  Handle EXTI interrupt request.
 442:Drivers/STM32F4xx_HAL_Driver/Src/stm32f4xx_hal_exti.c ****   * @param  hexti Exti handle.
 443:Drivers/STM32F4xx_HAL_Driver/Src/stm32f4xx_hal_exti.c ****   * @retval none.
 444:Drivers/STM32F4xx_HAL_Driver/Src/stm32f4xx_hal_exti.c ****   */
 445:Drivers/STM32F4xx_HAL_Driver/Src/stm32f4xx_hal_exti.c **** void HAL_EXTI_IRQHandler(EXTI_HandleTypeDef *hexti)
 446:Drivers/STM32F4xx_HAL_Driver/Src/stm32f4xx_hal_exti.c **** {
 667              		.loc 1 446 1 is_stmt 1 view -0
 668              		.cfi_startproc
 669              		@ args = 0, pretend = 0, frame = 0
 670              		@ frame_needed = 0, uses_anonymous_args = 0
 671              		.loc 1 446 1 is_stmt 0 view .LVU218
 672 0000 08B5     		push	{r3, lr}
 673              	.LCFI7:
 674              		.cfi_def_cfa_offset 8
 675              		.cfi_offset 3, -8
 676              		.cfi_offset 14, -4
 447:Drivers/STM32F4xx_HAL_Driver/Src/stm32f4xx_hal_exti.c ****   uint32_t regval;
 677              		.loc 1 447 3 is_stmt 1 view .LVU219
 448:Drivers/STM32F4xx_HAL_Driver/Src/stm32f4xx_hal_exti.c ****   uint32_t maskline;
 678              		.loc 1 448 3 view .LVU220
 449:Drivers/STM32F4xx_HAL_Driver/Src/stm32f4xx_hal_exti.c **** 
 450:Drivers/STM32F4xx_HAL_Driver/Src/stm32f4xx_hal_exti.c ****   /* Compute line mask */
 451:Drivers/STM32F4xx_HAL_Driver/Src/stm32f4xx_hal_exti.c ****   maskline = (1uL << (hexti->Line & EXTI_PIN_MASK));
 679              		.loc 1 451 3 view .LVU221
 680              		.loc 1 451 28 is_stmt 0 view .LVU222
 681 0002 0368     		ldr	r3, [r0]
 682              		.loc 1 451 35 view .LVU223
 683 0004 03F01F02 		and	r2, r3, #31
 684              		.loc 1 451 12 view .LVU224
 685 0008 0123     		movs	r3, #1
 686 000a 9340     		lsls	r3, r3, r2
 687              	.LVL54:
 452:Drivers/STM32F4xx_HAL_Driver/Src/stm32f4xx_hal_exti.c **** 
 453:Drivers/STM32F4xx_HAL_Driver/Src/stm32f4xx_hal_exti.c ****   /* Get pending bit  */
 454:Drivers/STM32F4xx_HAL_Driver/Src/stm32f4xx_hal_exti.c ****   regval = (EXTI->PR & maskline);
 688              		.loc 1 454 3 is_stmt 1 view .LVU225
 689              		.loc 1 454 17 is_stmt 0 view .LVU226
ARM GAS  /tmp/ccmdLBiJ.s 			page 22


 690 000c 044A     		ldr	r2, .L56
 691 000e 5269     		ldr	r2, [r2, #20]
 692              	.LVL55:
 455:Drivers/STM32F4xx_HAL_Driver/Src/stm32f4xx_hal_exti.c ****   if (regval != 0x00u)
 693              		.loc 1 455 3 is_stmt 1 view .LVU227
 694              		.loc 1 455 6 is_stmt 0 view .LVU228
 695 0010 1A42     		tst	r2, r3
 696 0012 04D0     		beq	.L53
 456:Drivers/STM32F4xx_HAL_Driver/Src/stm32f4xx_hal_exti.c ****   {
 457:Drivers/STM32F4xx_HAL_Driver/Src/stm32f4xx_hal_exti.c ****     /* Clear pending bit */
 458:Drivers/STM32F4xx_HAL_Driver/Src/stm32f4xx_hal_exti.c ****     EXTI->PR = maskline;
 697              		.loc 1 458 5 is_stmt 1 view .LVU229
 698              		.loc 1 458 14 is_stmt 0 view .LVU230
 699 0014 024A     		ldr	r2, .L56
 700              	.LVL56:
 701              		.loc 1 458 14 view .LVU231
 702 0016 5361     		str	r3, [r2, #20]
 459:Drivers/STM32F4xx_HAL_Driver/Src/stm32f4xx_hal_exti.c **** 
 460:Drivers/STM32F4xx_HAL_Driver/Src/stm32f4xx_hal_exti.c ****     /* Call callback */
 461:Drivers/STM32F4xx_HAL_Driver/Src/stm32f4xx_hal_exti.c ****     if (hexti->PendingCallback != NULL)
 703              		.loc 1 461 5 is_stmt 1 view .LVU232
 704              		.loc 1 461 14 is_stmt 0 view .LVU233
 705 0018 4368     		ldr	r3, [r0, #4]
 706              	.LVL57:
 707              		.loc 1 461 8 view .LVU234
 708 001a 03B1     		cbz	r3, .L53
 462:Drivers/STM32F4xx_HAL_Driver/Src/stm32f4xx_hal_exti.c ****     {
 463:Drivers/STM32F4xx_HAL_Driver/Src/stm32f4xx_hal_exti.c ****       hexti->PendingCallback();
 709              		.loc 1 463 7 is_stmt 1 view .LVU235
 710 001c 9847     		blx	r3
 711              	.LVL58:
 712              	.L53:
 464:Drivers/STM32F4xx_HAL_Driver/Src/stm32f4xx_hal_exti.c ****     }
 465:Drivers/STM32F4xx_HAL_Driver/Src/stm32f4xx_hal_exti.c ****   }
 466:Drivers/STM32F4xx_HAL_Driver/Src/stm32f4xx_hal_exti.c **** }
 713              		.loc 1 466 1 is_stmt 0 view .LVU236
 714 001e 08BD     		pop	{r3, pc}
 715              	.L57:
 716              		.align	2
 717              	.L56:
 718 0020 003C0140 		.word	1073822720
 719              		.cfi_endproc
 720              	.LFE135:
 722              		.section	.text.HAL_EXTI_GetPending,"ax",%progbits
 723              		.align	1
 724              		.global	HAL_EXTI_GetPending
 725              		.syntax unified
 726              		.thumb
 727              		.thumb_func
 729              	HAL_EXTI_GetPending:
 730              	.LVL59:
 731              	.LFB136:
 467:Drivers/STM32F4xx_HAL_Driver/Src/stm32f4xx_hal_exti.c **** 
 468:Drivers/STM32F4xx_HAL_Driver/Src/stm32f4xx_hal_exti.c **** /**
 469:Drivers/STM32F4xx_HAL_Driver/Src/stm32f4xx_hal_exti.c ****   * @brief  Get interrupt pending bit of a dedicated line.
 470:Drivers/STM32F4xx_HAL_Driver/Src/stm32f4xx_hal_exti.c ****   * @param  hexti Exti handle.
 471:Drivers/STM32F4xx_HAL_Driver/Src/stm32f4xx_hal_exti.c ****   * @param  Edge Specify which pending edge as to be checked.
ARM GAS  /tmp/ccmdLBiJ.s 			page 23


 472:Drivers/STM32F4xx_HAL_Driver/Src/stm32f4xx_hal_exti.c ****   *         This parameter can be one of the following values:
 473:Drivers/STM32F4xx_HAL_Driver/Src/stm32f4xx_hal_exti.c ****   *           @arg @ref EXTI_TRIGGER_RISING_FALLING
 474:Drivers/STM32F4xx_HAL_Driver/Src/stm32f4xx_hal_exti.c ****   *         This parameter is kept for compatibility with other series.
 475:Drivers/STM32F4xx_HAL_Driver/Src/stm32f4xx_hal_exti.c ****   * @retval 1 if interrupt is pending else 0.
 476:Drivers/STM32F4xx_HAL_Driver/Src/stm32f4xx_hal_exti.c ****   */
 477:Drivers/STM32F4xx_HAL_Driver/Src/stm32f4xx_hal_exti.c **** uint32_t HAL_EXTI_GetPending(EXTI_HandleTypeDef *hexti, uint32_t Edge)
 478:Drivers/STM32F4xx_HAL_Driver/Src/stm32f4xx_hal_exti.c **** {
 732              		.loc 1 478 1 is_stmt 1 view -0
 733              		.cfi_startproc
 734              		@ args = 0, pretend = 0, frame = 0
 735              		@ frame_needed = 0, uses_anonymous_args = 0
 736              		@ link register save eliminated.
 479:Drivers/STM32F4xx_HAL_Driver/Src/stm32f4xx_hal_exti.c ****   uint32_t regval;
 737              		.loc 1 479 3 view .LVU238
 480:Drivers/STM32F4xx_HAL_Driver/Src/stm32f4xx_hal_exti.c ****   uint32_t linepos;
 738              		.loc 1 480 3 view .LVU239
 481:Drivers/STM32F4xx_HAL_Driver/Src/stm32f4xx_hal_exti.c ****   uint32_t maskline;
 739              		.loc 1 481 3 view .LVU240
 482:Drivers/STM32F4xx_HAL_Driver/Src/stm32f4xx_hal_exti.c **** 
 483:Drivers/STM32F4xx_HAL_Driver/Src/stm32f4xx_hal_exti.c ****   /* Check parameters */
 484:Drivers/STM32F4xx_HAL_Driver/Src/stm32f4xx_hal_exti.c ****   assert_param(IS_EXTI_LINE(hexti->Line));
 740              		.loc 1 484 3 view .LVU241
 485:Drivers/STM32F4xx_HAL_Driver/Src/stm32f4xx_hal_exti.c ****   assert_param(IS_EXTI_CONFIG_LINE(hexti->Line));
 741              		.loc 1 485 3 view .LVU242
 486:Drivers/STM32F4xx_HAL_Driver/Src/stm32f4xx_hal_exti.c ****   assert_param(IS_EXTI_PENDING_EDGE(Edge));
 742              		.loc 1 486 3 view .LVU243
 487:Drivers/STM32F4xx_HAL_Driver/Src/stm32f4xx_hal_exti.c **** 
 488:Drivers/STM32F4xx_HAL_Driver/Src/stm32f4xx_hal_exti.c ****   /* Compute line mask */
 489:Drivers/STM32F4xx_HAL_Driver/Src/stm32f4xx_hal_exti.c ****   linepos = (hexti->Line & EXTI_PIN_MASK);
 743              		.loc 1 489 3 view .LVU244
 744              		.loc 1 489 19 is_stmt 0 view .LVU245
 745 0000 0368     		ldr	r3, [r0]
 746              		.loc 1 489 11 view .LVU246
 747 0002 03F01F03 		and	r3, r3, #31
 748              	.LVL60:
 490:Drivers/STM32F4xx_HAL_Driver/Src/stm32f4xx_hal_exti.c ****   maskline = (1uL << linepos);
 749              		.loc 1 490 3 is_stmt 1 view .LVU247
 750              		.loc 1 490 12 is_stmt 0 view .LVU248
 751 0006 0120     		movs	r0, #1
 752              	.LVL61:
 753              		.loc 1 490 12 view .LVU249
 754 0008 00FA03F2 		lsl	r2, r0, r3
 755              	.LVL62:
 491:Drivers/STM32F4xx_HAL_Driver/Src/stm32f4xx_hal_exti.c **** 
 492:Drivers/STM32F4xx_HAL_Driver/Src/stm32f4xx_hal_exti.c ****   /* return 1 if bit is set else 0 */
 493:Drivers/STM32F4xx_HAL_Driver/Src/stm32f4xx_hal_exti.c ****   regval = ((EXTI->PR & maskline) >> linepos);
 756              		.loc 1 493 3 is_stmt 1 view .LVU250
 757              		.loc 1 493 18 is_stmt 0 view .LVU251
 758 000c 0249     		ldr	r1, .L59
 759              	.LVL63:
 760              		.loc 1 493 18 view .LVU252
 761 000e 4869     		ldr	r0, [r1, #20]
 762              		.loc 1 493 23 view .LVU253
 763 0010 1040     		ands	r0, r0, r2
 764              	.LVL64:
 494:Drivers/STM32F4xx_HAL_Driver/Src/stm32f4xx_hal_exti.c ****   return regval;
 765              		.loc 1 494 3 is_stmt 1 view .LVU254
ARM GAS  /tmp/ccmdLBiJ.s 			page 24


 495:Drivers/STM32F4xx_HAL_Driver/Src/stm32f4xx_hal_exti.c **** }
 766              		.loc 1 495 1 is_stmt 0 view .LVU255
 767 0012 D840     		lsrs	r0, r0, r3
 768              	.LVL65:
 769              		.loc 1 495 1 view .LVU256
 770 0014 7047     		bx	lr
 771              	.L60:
 772 0016 00BF     		.align	2
 773              	.L59:
 774 0018 003C0140 		.word	1073822720
 775              		.cfi_endproc
 776              	.LFE136:
 778              		.section	.text.HAL_EXTI_ClearPending,"ax",%progbits
 779              		.align	1
 780              		.global	HAL_EXTI_ClearPending
 781              		.syntax unified
 782              		.thumb
 783              		.thumb_func
 785              	HAL_EXTI_ClearPending:
 786              	.LVL66:
 787              	.LFB137:
 496:Drivers/STM32F4xx_HAL_Driver/Src/stm32f4xx_hal_exti.c **** 
 497:Drivers/STM32F4xx_HAL_Driver/Src/stm32f4xx_hal_exti.c **** /**
 498:Drivers/STM32F4xx_HAL_Driver/Src/stm32f4xx_hal_exti.c ****   * @brief  Clear interrupt pending bit of a dedicated line.
 499:Drivers/STM32F4xx_HAL_Driver/Src/stm32f4xx_hal_exti.c ****   * @param  hexti Exti handle.
 500:Drivers/STM32F4xx_HAL_Driver/Src/stm32f4xx_hal_exti.c ****   * @param  Edge Specify which pending edge as to be clear.
 501:Drivers/STM32F4xx_HAL_Driver/Src/stm32f4xx_hal_exti.c ****   *         This parameter can be one of the following values:
 502:Drivers/STM32F4xx_HAL_Driver/Src/stm32f4xx_hal_exti.c ****   *           @arg @ref EXTI_TRIGGER_RISING_FALLING
 503:Drivers/STM32F4xx_HAL_Driver/Src/stm32f4xx_hal_exti.c ****   *         This parameter is kept for compatibility with other series.
 504:Drivers/STM32F4xx_HAL_Driver/Src/stm32f4xx_hal_exti.c ****   * @retval None.
 505:Drivers/STM32F4xx_HAL_Driver/Src/stm32f4xx_hal_exti.c ****   */
 506:Drivers/STM32F4xx_HAL_Driver/Src/stm32f4xx_hal_exti.c **** void HAL_EXTI_ClearPending(EXTI_HandleTypeDef *hexti, uint32_t Edge)
 507:Drivers/STM32F4xx_HAL_Driver/Src/stm32f4xx_hal_exti.c **** {
 788              		.loc 1 507 1 is_stmt 1 view -0
 789              		.cfi_startproc
 790              		@ args = 0, pretend = 0, frame = 0
 791              		@ frame_needed = 0, uses_anonymous_args = 0
 792              		@ link register save eliminated.
 508:Drivers/STM32F4xx_HAL_Driver/Src/stm32f4xx_hal_exti.c ****   uint32_t maskline;
 793              		.loc 1 508 3 view .LVU258
 509:Drivers/STM32F4xx_HAL_Driver/Src/stm32f4xx_hal_exti.c **** 
 510:Drivers/STM32F4xx_HAL_Driver/Src/stm32f4xx_hal_exti.c ****   /* Check parameters */
 511:Drivers/STM32F4xx_HAL_Driver/Src/stm32f4xx_hal_exti.c ****   assert_param(IS_EXTI_LINE(hexti->Line));
 794              		.loc 1 511 3 view .LVU259
 512:Drivers/STM32F4xx_HAL_Driver/Src/stm32f4xx_hal_exti.c ****   assert_param(IS_EXTI_CONFIG_LINE(hexti->Line));
 795              		.loc 1 512 3 view .LVU260
 513:Drivers/STM32F4xx_HAL_Driver/Src/stm32f4xx_hal_exti.c ****   assert_param(IS_EXTI_PENDING_EDGE(Edge));
 796              		.loc 1 513 3 view .LVU261
 514:Drivers/STM32F4xx_HAL_Driver/Src/stm32f4xx_hal_exti.c **** 
 515:Drivers/STM32F4xx_HAL_Driver/Src/stm32f4xx_hal_exti.c ****   /* Compute line mask */
 516:Drivers/STM32F4xx_HAL_Driver/Src/stm32f4xx_hal_exti.c ****   maskline = (1uL << (hexti->Line & EXTI_PIN_MASK));
 797              		.loc 1 516 3 view .LVU262
 798              		.loc 1 516 28 is_stmt 0 view .LVU263
 799 0000 0268     		ldr	r2, [r0]
 800              		.loc 1 516 35 view .LVU264
 801 0002 02F01F02 		and	r2, r2, #31
 802              		.loc 1 516 12 view .LVU265
ARM GAS  /tmp/ccmdLBiJ.s 			page 25


 803 0006 0123     		movs	r3, #1
 804 0008 9340     		lsls	r3, r3, r2
 805              	.LVL67:
 517:Drivers/STM32F4xx_HAL_Driver/Src/stm32f4xx_hal_exti.c **** 
 518:Drivers/STM32F4xx_HAL_Driver/Src/stm32f4xx_hal_exti.c ****   /* Clear Pending bit */
 519:Drivers/STM32F4xx_HAL_Driver/Src/stm32f4xx_hal_exti.c ****   EXTI->PR =  maskline;
 806              		.loc 1 519 3 is_stmt 1 view .LVU266
 807              		.loc 1 519 12 is_stmt 0 view .LVU267
 808 000a 014A     		ldr	r2, .L62
 809 000c 5361     		str	r3, [r2, #20]
 520:Drivers/STM32F4xx_HAL_Driver/Src/stm32f4xx_hal_exti.c **** }
 810              		.loc 1 520 1 view .LVU268
 811 000e 7047     		bx	lr
 812              	.L63:
 813              		.align	2
 814              	.L62:
 815 0010 003C0140 		.word	1073822720
 816              		.cfi_endproc
 817              	.LFE137:
 819              		.section	.text.HAL_EXTI_GenerateSWI,"ax",%progbits
 820              		.align	1
 821              		.global	HAL_EXTI_GenerateSWI
 822              		.syntax unified
 823              		.thumb
 824              		.thumb_func
 826              	HAL_EXTI_GenerateSWI:
 827              	.LVL68:
 828              	.LFB138:
 521:Drivers/STM32F4xx_HAL_Driver/Src/stm32f4xx_hal_exti.c **** 
 522:Drivers/STM32F4xx_HAL_Driver/Src/stm32f4xx_hal_exti.c **** /**
 523:Drivers/STM32F4xx_HAL_Driver/Src/stm32f4xx_hal_exti.c ****   * @brief  Generate a software interrupt for a dedicated line.
 524:Drivers/STM32F4xx_HAL_Driver/Src/stm32f4xx_hal_exti.c ****   * @param  hexti Exti handle.
 525:Drivers/STM32F4xx_HAL_Driver/Src/stm32f4xx_hal_exti.c ****   * @retval None.
 526:Drivers/STM32F4xx_HAL_Driver/Src/stm32f4xx_hal_exti.c ****   */
 527:Drivers/STM32F4xx_HAL_Driver/Src/stm32f4xx_hal_exti.c **** void HAL_EXTI_GenerateSWI(EXTI_HandleTypeDef *hexti)
 528:Drivers/STM32F4xx_HAL_Driver/Src/stm32f4xx_hal_exti.c **** {
 829              		.loc 1 528 1 is_stmt 1 view -0
 830              		.cfi_startproc
 831              		@ args = 0, pretend = 0, frame = 0
 832              		@ frame_needed = 0, uses_anonymous_args = 0
 833              		@ link register save eliminated.
 529:Drivers/STM32F4xx_HAL_Driver/Src/stm32f4xx_hal_exti.c ****   uint32_t maskline;
 834              		.loc 1 529 3 view .LVU270
 530:Drivers/STM32F4xx_HAL_Driver/Src/stm32f4xx_hal_exti.c **** 
 531:Drivers/STM32F4xx_HAL_Driver/Src/stm32f4xx_hal_exti.c ****   /* Check parameters */
 532:Drivers/STM32F4xx_HAL_Driver/Src/stm32f4xx_hal_exti.c ****   assert_param(IS_EXTI_LINE(hexti->Line));
 835              		.loc 1 532 3 view .LVU271
 533:Drivers/STM32F4xx_HAL_Driver/Src/stm32f4xx_hal_exti.c ****   assert_param(IS_EXTI_CONFIG_LINE(hexti->Line));
 836              		.loc 1 533 3 view .LVU272
 534:Drivers/STM32F4xx_HAL_Driver/Src/stm32f4xx_hal_exti.c **** 
 535:Drivers/STM32F4xx_HAL_Driver/Src/stm32f4xx_hal_exti.c ****   /* Compute line mask */
 536:Drivers/STM32F4xx_HAL_Driver/Src/stm32f4xx_hal_exti.c ****   maskline = (1uL << (hexti->Line & EXTI_PIN_MASK));
 837              		.loc 1 536 3 view .LVU273
 838              		.loc 1 536 28 is_stmt 0 view .LVU274
 839 0000 0268     		ldr	r2, [r0]
 840              		.loc 1 536 35 view .LVU275
 841 0002 02F01F02 		and	r2, r2, #31
ARM GAS  /tmp/ccmdLBiJ.s 			page 26


 842              		.loc 1 536 12 view .LVU276
 843 0006 0123     		movs	r3, #1
 844 0008 9340     		lsls	r3, r3, r2
 845              	.LVL69:
 537:Drivers/STM32F4xx_HAL_Driver/Src/stm32f4xx_hal_exti.c **** 
 538:Drivers/STM32F4xx_HAL_Driver/Src/stm32f4xx_hal_exti.c ****   /* Generate Software interrupt */
 539:Drivers/STM32F4xx_HAL_Driver/Src/stm32f4xx_hal_exti.c ****   EXTI->SWIER = maskline;
 846              		.loc 1 539 3 is_stmt 1 view .LVU277
 847              		.loc 1 539 15 is_stmt 0 view .LVU278
 848 000a 014A     		ldr	r2, .L65
 849 000c 1361     		str	r3, [r2, #16]
 540:Drivers/STM32F4xx_HAL_Driver/Src/stm32f4xx_hal_exti.c **** }
 850              		.loc 1 540 1 view .LVU279
 851 000e 7047     		bx	lr
 852              	.L66:
 853              		.align	2
 854              	.L65:
 855 0010 003C0140 		.word	1073822720
 856              		.cfi_endproc
 857              	.LFE138:
 859              		.text
 860              	.Letext0:
 861              		.file 2 "/mnt/c/VSARM/gcc-arm-none-eabi-10.3-2021.10/arm-none-eabi/include/machine/_default_types.
 862              		.file 3 "/mnt/c/VSARM/gcc-arm-none-eabi-10.3-2021.10/arm-none-eabi/include/sys/_stdint.h"
 863              		.file 4 "Drivers/CMSIS/Device/ST/STM32F4xx/Include/stm32f407xx.h"
 864              		.file 5 "Drivers/STM32F4xx_HAL_Driver/Inc/stm32f4xx_hal_def.h"
 865              		.file 6 "Drivers/STM32F4xx_HAL_Driver/Inc/stm32f4xx_hal_exti.h"
ARM GAS  /tmp/ccmdLBiJ.s 			page 27


DEFINED SYMBOLS
                            *ABS*:0000000000000000 stm32f4xx_hal_exti.c
     /tmp/ccmdLBiJ.s:20     .text.HAL_EXTI_SetConfigLine:0000000000000000 $t
     /tmp/ccmdLBiJ.s:26     .text.HAL_EXTI_SetConfigLine:0000000000000000 HAL_EXTI_SetConfigLine
     /tmp/ccmdLBiJ.s:244    .text.HAL_EXTI_SetConfigLine:00000000000000d0 $d
     /tmp/ccmdLBiJ.s:250    .text.HAL_EXTI_GetConfigLine:0000000000000000 $t
     /tmp/ccmdLBiJ.s:256    .text.HAL_EXTI_GetConfigLine:0000000000000000 HAL_EXTI_GetConfigLine
     /tmp/ccmdLBiJ.s:423    .text.HAL_EXTI_GetConfigLine:00000000000000a4 $d
     /tmp/ccmdLBiJ.s:429    .text.HAL_EXTI_ClearConfigLine:0000000000000000 $t
     /tmp/ccmdLBiJ.s:435    .text.HAL_EXTI_ClearConfigLine:0000000000000000 HAL_EXTI_ClearConfigLine
     /tmp/ccmdLBiJ.s:575    .text.HAL_EXTI_ClearConfigLine:0000000000000080 $d
     /tmp/ccmdLBiJ.s:581    .text.HAL_EXTI_RegisterCallback:0000000000000000 $t
     /tmp/ccmdLBiJ.s:587    .text.HAL_EXTI_RegisterCallback:0000000000000000 HAL_EXTI_RegisterCallback
     /tmp/ccmdLBiJ.s:620    .text.HAL_EXTI_GetHandle:0000000000000000 $t
     /tmp/ccmdLBiJ.s:626    .text.HAL_EXTI_GetHandle:0000000000000000 HAL_EXTI_GetHandle
     /tmp/ccmdLBiJ.s:658    .text.HAL_EXTI_IRQHandler:0000000000000000 $t
     /tmp/ccmdLBiJ.s:664    .text.HAL_EXTI_IRQHandler:0000000000000000 HAL_EXTI_IRQHandler
     /tmp/ccmdLBiJ.s:718    .text.HAL_EXTI_IRQHandler:0000000000000020 $d
     /tmp/ccmdLBiJ.s:723    .text.HAL_EXTI_GetPending:0000000000000000 $t
     /tmp/ccmdLBiJ.s:729    .text.HAL_EXTI_GetPending:0000000000000000 HAL_EXTI_GetPending
     /tmp/ccmdLBiJ.s:774    .text.HAL_EXTI_GetPending:0000000000000018 $d
     /tmp/ccmdLBiJ.s:779    .text.HAL_EXTI_ClearPending:0000000000000000 $t
     /tmp/ccmdLBiJ.s:785    .text.HAL_EXTI_ClearPending:0000000000000000 HAL_EXTI_ClearPending
     /tmp/ccmdLBiJ.s:815    .text.HAL_EXTI_ClearPending:0000000000000010 $d
     /tmp/ccmdLBiJ.s:820    .text.HAL_EXTI_GenerateSWI:0000000000000000 $t
     /tmp/ccmdLBiJ.s:826    .text.HAL_EXTI_GenerateSWI:0000000000000000 HAL_EXTI_GenerateSWI
     /tmp/ccmdLBiJ.s:855    .text.HAL_EXTI_GenerateSWI:0000000000000010 $d

NO UNDEFINED SYMBOLS
